[2026-01-08 16:02:36.365] [DEBUG] User found: Johnell Empuerto (ID: 1)
[2026-01-08 16:02:36.366] [DEBUG] User is_admin value from DB: false
[2026-01-08 16:02:36.366] [DEBUG] User is_admin type from DB: boolean
[2026-01-08 16:02:36.367] [DEBUG] User status: Active
[2026-01-08 16:02:36.368] [DEBUG] Starting password comparison...
[2026-01-08 16:02:36.435] [DEBUG] Password validation successful
[2026-01-08 16:02:36.436] [DEBUG] === CREATING JWT TOKEN ===
[2026-01-08 16:02:36.436] [DEBUG] is_admin value for JWT: false
[2026-01-08 16:02:36.437] [DEBUG] is_admin type for JWT: boolean
[2026-01-08 16:02:36.437] [DEBUG] JWT Payload: | {
  "service": "express-app",
  "route": "/auth/login",
  "user_id": 1,
  "emp_id": "EMP001",
  "role": "Operator",
  "is_admin": false,
  "name": "Johnell Empuerto"
}
[2026-01-08 16:02:36.441] [DEBUG] JWT Decoded: | {
  "service": "express-app",
  "route": "/auth/login",
  "user_id": 1,
  "emp_id": "EMP001",
  "role": "Operator",
  "is_admin": false,
  "name": "Johnell Empuerto",
  "iat": 1767859356,
  "exp": 1767945756
}
[2026-01-08 16:02:36.442] [INFO] Login successful for user: Johnell Empuerto (ID: 1)
[2026-01-08 16:13:59.133] [DEBUG] User found: Johnell Empuerto (ID: 1)
[2026-01-08 16:13:59.135] [DEBUG] User is_admin value from DB: false
[2026-01-08 16:13:59.136] [DEBUG] User is_admin type from DB: boolean
[2026-01-08 16:13:59.136] [DEBUG] User status: Active
[2026-01-08 16:13:59.137] [DEBUG] Starting password comparison...
[2026-01-08 16:13:59.205] [DEBUG] Password validation successful
[2026-01-08 16:13:59.205] [DEBUG] === CREATING JWT TOKEN ===
[2026-01-08 16:13:59.206] [DEBUG] is_admin value for JWT: false
[2026-01-08 16:13:59.207] [DEBUG] is_admin type for JWT: boolean
[2026-01-08 16:13:59.207] [DEBUG] JWT Payload: | {
  "service": "express-app",
  "route": "/auth/login",
  "user_id": 1,
  "emp_id": "EMP001",
  "role": "Operator",
  "is_admin": false,
  "name": "Johnell Empuerto"
}
[2026-01-08 16:13:59.212] [DEBUG] JWT Decoded: | {
  "service": "express-app",
  "route": "/auth/login",
  "user_id": 1,
  "emp_id": "EMP001",
  "role": "Operator",
  "is_admin": false,
  "name": "Johnell Empuerto",
  "iat": 1767860039,
  "exp": 1767946439
}
[2026-01-08 16:13:59.213] [INFO] Login successful for user: Johnell Empuerto (ID: 1)
[2026-01-08 16:19:51.559] [DEBUG] User found: Johnell Empuerto (ID: 1)
[2026-01-08 16:19:51.562] [DEBUG] User is_admin value from DB: false
[2026-01-08 16:19:51.562] [DEBUG] User is_admin type from DB: boolean
[2026-01-08 16:19:51.563] [DEBUG] User status: Active
[2026-01-08 16:19:51.563] [DEBUG] Starting password comparison...
[2026-01-08 16:19:51.632] [DEBUG] Password validation successful
[2026-01-08 16:19:51.633] [DEBUG] === CREATING JWT TOKEN ===
[2026-01-08 16:19:51.633] [DEBUG] is_admin value for JWT: false
[2026-01-08 16:19:51.634] [DEBUG] is_admin type for JWT: boolean
[2026-01-08 16:19:51.635] [DEBUG] JWT Payload: | {
  "service": "express-app",
  "route": "/auth/login",
  "user_id": 1,
  "emp_id": "EMP001",
  "role": "Operator",
  "is_admin": false,
  "name": "Johnell Empuerto"
}
[2026-01-08 16:19:51.640] [DEBUG] JWT Decoded: | {
  "service": "express-app",
  "route": "/auth/login",
  "user_id": 1,
  "emp_id": "EMP001",
  "role": "Operator",
  "is_admin": false,
  "name": "Johnell Empuerto",
  "iat": 1767860391,
  "exp": 1767946791
}
[2026-01-08 16:19:51.641] [INFO] Login successful for user: Johnell Empuerto (ID: 1)
[2026-01-08 16:20:06.936] [DEBUG] User found: System Administrator (ID: 6)
[2026-01-08 16:20:06.937] [DEBUG] User is_admin value from DB: true
[2026-01-08 16:20:06.937] [DEBUG] User is_admin type from DB: boolean
[2026-01-08 16:20:06.938] [DEBUG] User status: Active
[2026-01-08 16:20:06.938] [DEBUG] Starting password comparison...
[2026-01-08 16:20:07.004] [WARN] Password comparison failed for emp_id: ADMIN001
[2026-01-08 16:20:12.863] [DEBUG] User found: System Administrator (ID: 6)
[2026-01-08 16:20:12.863] [DEBUG] User is_admin value from DB: true
[2026-01-08 16:20:12.864] [DEBUG] User is_admin type from DB: boolean
[2026-01-08 16:20:12.864] [DEBUG] User status: Active
[2026-01-08 16:20:12.865] [DEBUG] Starting password comparison...
[2026-01-08 16:20:12.934] [DEBUG] Password validation successful
[2026-01-08 16:20:12.935] [DEBUG] === CREATING JWT TOKEN ===
[2026-01-08 16:20:12.936] [DEBUG] is_admin value for JWT: true
[2026-01-08 16:20:12.936] [DEBUG] is_admin type for JWT: boolean
[2026-01-08 16:20:12.937] [DEBUG] JWT Payload: | {
  "service": "express-app",
  "route": "/auth/login",
  "user_id": 6,
  "emp_id": "ADMIN001",
  "role": "Admin",
  "is_admin": true,
  "name": "System Administrator"
}
[2026-01-08 16:20:12.938] [DEBUG] JWT Decoded: | {
  "service": "express-app",
  "route": "/auth/login",
  "user_id": 6,
  "emp_id": "ADMIN001",
  "role": "Admin",
  "is_admin": true,
  "name": "System Administrator",
  "iat": 1767860412,
  "exp": 1767946812
}
[2026-01-08 16:20:12.938] [INFO] Login successful for user: System Administrator (ID: 6)
[2026-01-08 16:25:35.135] [DEBUG] User found: Nielbert Pusayan (ID: 7)
[2026-01-08 16:25:35.136] [DEBUG] User is_admin value from DB: false
[2026-01-08 16:25:35.137] [DEBUG] User is_admin type from DB: boolean
[2026-01-08 16:25:35.137] [DEBUG] User status: Active
[2026-01-08 16:25:35.138] [DEBUG] Starting password comparison...
[2026-01-08 16:25:35.257] [DEBUG] Password validation successful
[2026-01-08 16:25:35.258] [DEBUG] === CREATING JWT TOKEN ===
[2026-01-08 16:25:35.258] [DEBUG] is_admin value for JWT: false
[2026-01-08 16:25:35.259] [DEBUG] is_admin type for JWT: boolean
[2026-01-08 16:25:35.259] [DEBUG] JWT Payload: | {
  "service": "express-app",
  "route": "/auth/login",
  "user_id": 7,
  "emp_id": "EMP004",
  "role": "Operator",
  "is_admin": false,
  "name": "Nielbert Pusayan"
}
[2026-01-08 16:25:35.260] [DEBUG] JWT Decoded: | {
  "service": "express-app",
  "route": "/auth/login",
  "user_id": 7,
  "emp_id": "EMP004",
  "role": "Operator",
  "is_admin": false,
  "name": "Nielbert Pusayan",
  "iat": 1767860735,
  "exp": 1767947135
}
[2026-01-08 16:25:35.261] [INFO] Login successful for user: Nielbert Pusayan (ID: 7)
[2026-01-08 16:28:18.682] [DEBUG] User found: System Administrator (ID: 6)
[2026-01-08 16:28:18.683] [DEBUG] User is_admin value from DB: true
[2026-01-08 16:28:18.684] [DEBUG] User is_admin type from DB: boolean
[2026-01-08 16:28:18.685] [DEBUG] User status: Active
[2026-01-08 16:28:18.685] [DEBUG] Starting password comparison...
[2026-01-08 16:28:18.754] [WARN] Password comparison failed for emp_id: ADMIN001
[2026-01-08 16:28:30.324] [DEBUG] User found: System Administrator (ID: 6)
[2026-01-08 16:28:30.325] [DEBUG] User is_admin value from DB: true
[2026-01-08 16:28:30.326] [DEBUG] User is_admin type from DB: boolean
[2026-01-08 16:28:30.326] [DEBUG] User status: Active
[2026-01-08 16:28:30.327] [DEBUG] Starting password comparison...
[2026-01-08 16:28:30.394] [DEBUG] Password validation successful
[2026-01-08 16:28:30.395] [DEBUG] === CREATING JWT TOKEN ===
[2026-01-08 16:28:30.395] [DEBUG] is_admin value for JWT: true
[2026-01-08 16:28:30.396] [DEBUG] is_admin type for JWT: boolean
[2026-01-08 16:28:30.396] [DEBUG] JWT Payload: | {
  "service": "express-app",
  "route": "/auth/login",
  "user_id": 6,
  "emp_id": "ADMIN001",
  "role": "Admin",
  "is_admin": true,
  "name": "System Administrator"
}
[2026-01-08 16:28:30.399] [DEBUG] JWT Decoded: | {
  "service": "express-app",
  "route": "/auth/login",
  "user_id": 6,
  "emp_id": "ADMIN001",
  "role": "Admin",
  "is_admin": true,
  "name": "System Administrator",
  "iat": 1767860910,
  "exp": 1767947310
}
[2026-01-08 16:28:30.400] [INFO] Login successful for user: System Administrator (ID: 6)
[2026-01-08 16:41:45.586] [DEBUG] User found: Johnell Empuerto (ID: 1)
[2026-01-08 16:41:45.587] [DEBUG] User is_admin value from DB: false
[2026-01-08 16:41:45.588] [DEBUG] User is_admin type from DB: boolean
[2026-01-08 16:41:45.588] [DEBUG] User status: Active
[2026-01-08 16:41:45.589] [DEBUG] Starting password comparison...
[2026-01-08 16:41:45.714] [DEBUG] Password validation successful
[2026-01-08 16:41:45.715] [DEBUG] === CREATING JWT TOKEN ===
[2026-01-08 16:41:45.716] [DEBUG] is_admin value for JWT: false
[2026-01-08 16:41:45.717] [DEBUG] is_admin type for JWT: boolean
[2026-01-08 16:41:45.718] [DEBUG] JWT Payload: | {
  "service": "express-app",
  "route": "/auth/login",
  "user_id": 1,
  "emp_id": "EMP001",
  "role": "Operator",
  "is_admin": false,
  "name": "Johnell Empuerto"
}
[2026-01-08 16:41:45.722] [DEBUG] JWT Decoded: | {
  "service": "express-app",
  "route": "/auth/login",
  "user_id": 1,
  "emp_id": "EMP001",
  "role": "Operator",
  "is_admin": false,
  "name": "Johnell Empuerto",
  "iat": 1767861705,
  "exp": 1767948105
}
[2026-01-08 16:41:45.724] [INFO] Login successful for user: Johnell Empuerto (ID: 1)
[2026-01-08 16:42:00.506] [DEBUG] User found: System Administrator (ID: 6)
[2026-01-08 16:42:00.507] [DEBUG] User is_admin value from DB: true
[2026-01-08 16:42:00.507] [DEBUG] User is_admin type from DB: boolean
[2026-01-08 16:42:00.508] [DEBUG] User status: Active
[2026-01-08 16:42:00.509] [DEBUG] Starting password comparison...
[2026-01-08 16:42:00.649] [WARN] Password comparison failed for emp_id: ADMIN001
[2026-01-08 16:42:10.432] [DEBUG] User found: System Administrator (ID: 6)
[2026-01-08 16:42:10.433] [DEBUG] User is_admin value from DB: true
[2026-01-08 16:42:10.433] [DEBUG] User is_admin type from DB: boolean
[2026-01-08 16:42:10.434] [DEBUG] User status: Active
[2026-01-08 16:42:10.434] [DEBUG] Starting password comparison...
[2026-01-08 16:42:10.541] [DEBUG] Password validation successful
[2026-01-08 16:42:10.541] [DEBUG] === CREATING JWT TOKEN ===
[2026-01-08 16:42:10.542] [DEBUG] is_admin value for JWT: true
[2026-01-08 16:42:10.542] [DEBUG] is_admin type for JWT: boolean
[2026-01-08 16:42:10.543] [DEBUG] JWT Payload: | {
  "service": "express-app",
  "route": "/auth/login",
  "user_id": 6,
  "emp_id": "ADMIN001",
  "role": "Admin",
  "is_admin": true,
  "name": "System Administrator"
}
[2026-01-08 16:42:10.545] [DEBUG] JWT Decoded: | {
  "service": "express-app",
  "route": "/auth/login",
  "user_id": 6,
  "emp_id": "ADMIN001",
  "role": "Admin",
  "is_admin": true,
  "name": "System Administrator",
  "iat": 1767861730,
  "exp": 1767948130
}
[2026-01-08 16:42:10.546] [INFO] Login successful for user: System Administrator (ID: 6)
[2026-01-09 07:52:09.417] [ERROR] Login error occurred | {
  "service": "express-app",
  "route": "/auth/login",
  "error": "connect ETIMEDOUT 192.168.0.109:5432",
  "stack": "Error: connect ETIMEDOUT 192.168.0.109:5432\n    at C:\\Backend\\node_modules\\pg-pool\\index.js:45:11\n    at process.processTicksAndRejections (node:internal/process/task_queues:103:5)\n    at async C:\\Backend\\routes\\login\\getlogin.js:43:20",
  "empId": "ADMIN001"
}
[2026-01-09 07:52:09.419] [ERROR] Error Response: POST /Backend/api/login | {
  "service": "express-app",
  "route": "/auth/login",
  "statusCode": 500,
  "data": {
    "success": false,
    "message": "Database error"
  }
}
[2026-01-09 07:52:09.420] [ERROR] Error Response: POST /Backend/api/login | {
  "service": "express-app",
  "route": "/auth/login",
  "statusCode": 500
}
[2026-01-09 07:53:40.561] [ERROR] Login error occurred | {
  "service": "express-app",
  "route": "/auth/login",
  "error": "connect ETIMEDOUT 192.168.0.109:5432",
  "stack": "Error: connect ETIMEDOUT 192.168.0.109:5432\n    at C:\\Backend\\node_modules\\pg-pool\\index.js:45:11\n    at process.processTicksAndRejections (node:internal/process/task_queues:103:5)\n    at async C:\\Backend\\routes\\login\\getlogin.js:43:20",
  "empId": "ADMIN001"
}
[2026-01-09 07:53:40.562] [ERROR] Error Response: POST /Backend/api/login | {
  "service": "express-app",
  "route": "/auth/login",
  "statusCode": 500,
  "data": {
    "success": false,
    "message": "Database error"
  }
}
[2026-01-09 07:53:40.562] [ERROR] Error Response: POST /Backend/api/login | {
  "service": "express-app",
  "route": "/auth/login",
  "statusCode": 500
}
[2026-01-09 07:54:52.669] [ERROR] Login error occurred | {
  "service": "express-app",
  "route": "/auth/login",
  "error": "connect ETIMEDOUT 192.168.0.109:5432",
  "stack": "Error: connect ETIMEDOUT 192.168.0.109:5432\n    at C:\\Backend\\node_modules\\pg-pool\\index.js:45:11\n    at process.processTicksAndRejections (node:internal/process/task_queues:103:5)\n    at async C:\\Backend\\routes\\login\\getlogin.js:43:20",
  "empId": "ADMIN001"
}
[2026-01-09 07:54:52.671] [ERROR] Error Response: POST /Backend/api/login | {
  "service": "express-app",
  "route": "/auth/login",
  "statusCode": 500,
  "data": {
    "success": false,
    "message": "Database error"
  }
}
[2026-01-09 07:54:52.672] [ERROR] Error Response: POST /Backend/api/login | {
  "service": "express-app",
  "route": "/auth/login",
  "statusCode": 500
}
[2026-01-09 07:55:06.521] [ERROR] Login error occurred | {
  "service": "express-app",
  "route": "/auth/login",
  "error": "connect ETIMEDOUT 192.168.0.109:5432",
  "stack": "Error: connect ETIMEDOUT 192.168.0.109:5432\n    at C:\\Backend\\node_modules\\pg-pool\\index.js:45:11\n    at process.processTicksAndRejections (node:internal/process/task_queues:103:5)\n    at async C:\\Backend\\routes\\login\\getlogin.js:43:20",
  "empId": "ADMIN001"
}
[2026-01-09 07:55:06.522] [ERROR] Error Response: POST /Backend/api/login | {
  "service": "express-app",
  "route": "/auth/login",
  "statusCode": 500,
  "data": {
    "success": false,
    "message": "Database error"
  }
}
[2026-01-09 07:55:06.523] [ERROR] Error Response: POST /Backend/api/login | {
  "service": "express-app",
  "route": "/auth/login",
  "statusCode": 500
}
[2026-01-09 07:58:51.187] [DEBUG] User found: System Administrator (ID: 6)
[2026-01-09 07:58:51.189] [DEBUG] User is_admin value from DB: true
[2026-01-09 07:58:51.189] [DEBUG] User is_admin type from DB: boolean
[2026-01-09 07:58:51.190] [DEBUG] User status: Active
[2026-01-09 07:58:51.190] [DEBUG] Starting password comparison...
[2026-01-09 07:58:51.260] [DEBUG] Password validation successful
[2026-01-09 07:58:51.261] [DEBUG] === CREATING JWT TOKEN ===
[2026-01-09 07:58:51.262] [DEBUG] is_admin value for JWT: true
[2026-01-09 07:58:51.263] [DEBUG] is_admin type for JWT: boolean
[2026-01-09 07:58:51.263] [DEBUG] JWT Payload: | {
  "service": "express-app",
  "route": "/auth/login",
  "user_id": 6,
  "emp_id": "ADMIN001",
  "role": "Admin",
  "is_admin": true,
  "name": "System Administrator"
}
[2026-01-09 07:58:51.270] [DEBUG] JWT Decoded: | {
  "service": "express-app",
  "route": "/auth/login",
  "user_id": 6,
  "emp_id": "ADMIN001",
  "role": "Admin",
  "is_admin": true,
  "name": "System Administrator",
  "iat": 1767916731,
  "exp": 1768003131
}
[2026-01-09 07:58:51.272] [INFO] Login successful for user: System Administrator (ID: 6)
[2026-01-09 13:11:35.386] [DEBUG] User found: System Administrator (ID: 6)
[2026-01-09 13:11:35.387] [DEBUG] User is_admin value from DB: true
[2026-01-09 13:11:35.387] [DEBUG] User is_admin type from DB: boolean
[2026-01-09 13:11:35.388] [DEBUG] User status: Active
[2026-01-09 13:11:35.388] [DEBUG] Starting password comparison...
[2026-01-09 13:11:35.468] [DEBUG] Password validation successful
[2026-01-09 13:11:35.468] [DEBUG] === CREATING JWT TOKEN ===
[2026-01-09 13:11:35.469] [DEBUG] is_admin value for JWT: true
[2026-01-09 13:11:35.469] [DEBUG] is_admin type for JWT: boolean
[2026-01-09 13:11:35.469] [DEBUG] JWT Payload: | {
  "service": "express-app",
  "route": "/auth/login",
  "user_id": 6,
  "emp_id": "ADMIN001",
  "role": "Admin",
  "is_admin": true,
  "name": "System Administrator"
}
[2026-01-09 13:11:35.475] [DEBUG] JWT Decoded: | {
  "service": "express-app",
  "route": "/auth/login",
  "user_id": 6,
  "emp_id": "ADMIN001",
  "role": "Admin",
  "is_admin": true,
  "name": "System Administrator",
  "iat": 1767935495,
  "exp": 1768021895
}
[2026-01-09 13:11:35.478] [INFO] Login successful for user: System Administrator (ID: 6)
[2026-01-09 14:36:46.662] [DEBUG] User found: System Administrator (ID: 6)
[2026-01-09 14:36:46.663] [DEBUG] User is_admin value from DB: true
[2026-01-09 14:36:46.664] [DEBUG] User is_admin type from DB: boolean
[2026-01-09 14:36:46.664] [DEBUG] User status: Active
[2026-01-09 14:36:46.665] [DEBUG] Starting password comparison...
[2026-01-09 14:36:46.739] [DEBUG] Password validation successful
[2026-01-09 14:36:46.739] [DEBUG] === CREATING JWT TOKEN ===
[2026-01-09 14:36:46.740] [DEBUG] is_admin value for JWT: true
[2026-01-09 14:36:46.740] [DEBUG] is_admin type for JWT: boolean
[2026-01-09 14:36:46.740] [DEBUG] JWT Payload: | {
  "service": "express-app",
  "route": "/auth/login",
  "user_id": 6,
  "emp_id": "ADMIN001",
  "role": "Admin",
  "is_admin": true,
  "name": "System Administrator"
}
[2026-01-09 14:36:46.742] [DEBUG] JWT Decoded: | {
  "service": "express-app",
  "route": "/auth/login",
  "user_id": 6,
  "emp_id": "ADMIN001",
  "role": "Admin",
  "is_admin": true,
  "name": "System Administrator",
  "iat": 1767940606,
  "exp": 1768027006
}
[2026-01-09 14:36:46.743] [INFO] Login successful for user: System Administrator (ID: 6)
[2026-01-09 14:45:46.023] [DEBUG] User found: System Administrator (ID: 6)
[2026-01-09 14:45:46.024] [DEBUG] User is_admin value from DB: true
[2026-01-09 14:45:46.024] [DEBUG] User is_admin type from DB: boolean
[2026-01-09 14:45:46.024] [DEBUG] User status: Active
[2026-01-09 14:45:46.025] [DEBUG] Starting password comparison...
[2026-01-09 14:45:46.101] [DEBUG] Password validation successful
[2026-01-09 14:45:46.102] [DEBUG] === CREATING JWT TOKEN ===
[2026-01-09 14:45:46.102] [DEBUG] is_admin value for JWT: true
[2026-01-09 14:45:46.102] [DEBUG] is_admin type for JWT: boolean
[2026-01-09 14:45:46.103] [DEBUG] JWT Payload: | {
  "service": "express-app",
  "route": "/auth/login",
  "user_id": 6,
  "emp_id": "ADMIN001",
  "role": "Admin",
  "is_admin": true,
  "name": "System Administrator"
}
[2026-01-09 14:45:46.106] [DEBUG] JWT Decoded: | {
  "service": "express-app",
  "route": "/auth/login",
  "user_id": 6,
  "emp_id": "ADMIN001",
  "role": "Admin",
  "is_admin": true,
  "name": "System Administrator",
  "iat": 1767941146,
  "exp": 1768027546
}
[2026-01-09 14:45:46.107] [INFO] Login successful for user: System Administrator (ID: 6)
[2026-01-09 14:46:02.684] [DEBUG] User found: Johnell Empuerto (ID: 1)
[2026-01-09 14:46:02.685] [DEBUG] User is_admin value from DB: false
[2026-01-09 14:46:02.685] [DEBUG] User is_admin type from DB: boolean
[2026-01-09 14:46:02.686] [DEBUG] User status: Active
[2026-01-09 14:46:02.686] [DEBUG] Starting password comparison...
[2026-01-09 14:46:02.755] [DEBUG] Password validation successful
[2026-01-09 14:46:02.755] [DEBUG] === CREATING JWT TOKEN ===
[2026-01-09 14:46:02.756] [DEBUG] is_admin value for JWT: false
[2026-01-09 14:46:02.756] [DEBUG] is_admin type for JWT: boolean
[2026-01-09 14:46:02.756] [DEBUG] JWT Payload: | {
  "service": "express-app",
  "route": "/auth/login",
  "user_id": 1,
  "emp_id": "EMP001",
  "role": "Operator",
  "is_admin": false,
  "name": "Johnell Empuerto"
}
[2026-01-09 14:46:02.757] [DEBUG] JWT Decoded: | {
  "service": "express-app",
  "route": "/auth/login",
  "user_id": 1,
  "emp_id": "EMP001",
  "role": "Operator",
  "is_admin": false,
  "name": "Johnell Empuerto",
  "iat": 1767941162,
  "exp": 1768027562
}
[2026-01-09 14:46:02.758] [INFO] Login successful for user: Johnell Empuerto (ID: 1)
[2026-01-09 14:46:23.415] [DEBUG] User found: System Administrator (ID: 6)
[2026-01-09 14:46:23.415] [DEBUG] User is_admin value from DB: true
[2026-01-09 14:46:23.416] [DEBUG] User is_admin type from DB: boolean
[2026-01-09 14:46:23.416] [DEBUG] User status: Active
[2026-01-09 14:46:23.416] [DEBUG] Starting password comparison...
[2026-01-09 14:46:23.484] [DEBUG] Password validation successful
[2026-01-09 14:46:23.485] [DEBUG] === CREATING JWT TOKEN ===
[2026-01-09 14:46:23.486] [DEBUG] is_admin value for JWT: true
[2026-01-09 14:46:23.487] [DEBUG] is_admin type for JWT: boolean
[2026-01-09 14:46:23.487] [DEBUG] JWT Payload: | {
  "service": "express-app",
  "route": "/auth/login",
  "user_id": 6,
  "emp_id": "ADMIN001",
  "role": "Admin",
  "is_admin": true,
  "name": "System Administrator"
}
[2026-01-09 14:46:23.488] [DEBUG] JWT Decoded: | {
  "service": "express-app",
  "route": "/auth/login",
  "user_id": 6,
  "emp_id": "ADMIN001",
  "role": "Admin",
  "is_admin": true,
  "name": "System Administrator",
  "iat": 1767941183,
  "exp": 1768027583
}
[2026-01-09 14:46:23.488] [INFO] Login successful for user: System Administrator (ID: 6)
[2026-01-09 14:54:36.101] [DEBUG] User found: Johnell Empuerto (ID: 1)
[2026-01-09 14:54:36.102] [DEBUG] User is_admin value from DB: false
[2026-01-09 14:54:36.102] [DEBUG] User is_admin type from DB: boolean
[2026-01-09 14:54:36.103] [DEBUG] User status: Active
[2026-01-09 14:54:36.103] [DEBUG] Starting password comparison...
[2026-01-09 14:54:36.219] [DEBUG] Password validation successful
[2026-01-09 14:54:36.220] [DEBUG] === CREATING JWT TOKEN ===
[2026-01-09 14:54:36.220] [DEBUG] is_admin value for JWT: false
[2026-01-09 14:54:36.221] [DEBUG] is_admin type for JWT: boolean
[2026-01-09 14:54:36.221] [DEBUG] JWT Payload: | {
  "service": "express-app",
  "route": "/auth/login",
  "user_id": 1,
  "emp_id": "EMP001",
  "role": "Operator",
  "is_admin": false,
  "name": "Johnell Empuerto"
}
[2026-01-09 14:54:36.222] [DEBUG] JWT Decoded: | {
  "service": "express-app",
  "route": "/auth/login",
  "user_id": 1,
  "emp_id": "EMP001",
  "role": "Operator",
  "is_admin": false,
  "name": "Johnell Empuerto",
  "iat": 1767941676,
  "exp": 1768028076
}
[2026-01-09 14:54:36.223] [INFO] Login successful for user: Johnell Empuerto (ID: 1)
[2026-01-09 14:55:52.407] [DEBUG] User found: System Administrator (ID: 6)
[2026-01-09 14:55:52.408] [DEBUG] User is_admin value from DB: true
[2026-01-09 14:55:52.408] [DEBUG] User is_admin type from DB: boolean
[2026-01-09 14:55:52.409] [DEBUG] User status: Active
[2026-01-09 14:55:52.409] [DEBUG] Starting password comparison...
[2026-01-09 14:55:52.534] [DEBUG] Password validation successful
[2026-01-09 14:55:52.534] [DEBUG] === CREATING JWT TOKEN ===
[2026-01-09 14:55:52.535] [DEBUG] is_admin value for JWT: true
[2026-01-09 14:55:52.536] [DEBUG] is_admin type for JWT: boolean
[2026-01-09 14:55:52.536] [DEBUG] JWT Payload: | {
  "service": "express-app",
  "route": "/auth/login",
  "user_id": 6,
  "emp_id": "ADMIN001",
  "role": "Admin",
  "is_admin": true,
  "name": "System Administrator"
}
[2026-01-09 14:55:52.538] [DEBUG] JWT Decoded: | {
  "service": "express-app",
  "route": "/auth/login",
  "user_id": 6,
  "emp_id": "ADMIN001",
  "role": "Admin",
  "is_admin": true,
  "name": "System Administrator",
  "iat": 1767941752,
  "exp": 1768028152
}
[2026-01-09 14:55:52.539] [INFO] Login successful for user: System Administrator (ID: 6)
[2026-01-09 15:09:29.468] [DEBUG] User found: Johnell Empuerto (ID: 1)
[2026-01-09 15:09:29.469] [DEBUG] User is_admin value from DB: false
[2026-01-09 15:09:29.469] [DEBUG] User is_admin type from DB: boolean
[2026-01-09 15:09:29.470] [DEBUG] User status: Active
[2026-01-09 15:09:29.470] [DEBUG] Starting password comparison...
[2026-01-09 15:09:29.591] [DEBUG] Password validation successful
[2026-01-09 15:09:29.592] [DEBUG] === CREATING JWT TOKEN ===
[2026-01-09 15:09:29.593] [DEBUG] is_admin value for JWT: false
[2026-01-09 15:09:29.593] [DEBUG] is_admin type for JWT: boolean
[2026-01-09 15:09:29.594] [DEBUG] JWT Payload: | {
  "service": "express-app",
  "route": "/auth/login",
  "user_id": 1,
  "emp_id": "EMP001",
  "role": "Operator",
  "is_admin": false,
  "name": "Johnell Empuerto"
}
[2026-01-09 15:09:29.596] [DEBUG] JWT Decoded: | {
  "service": "express-app",
  "route": "/auth/login",
  "user_id": 1,
  "emp_id": "EMP001",
  "role": "Operator",
  "is_admin": false,
  "name": "Johnell Empuerto",
  "iat": 1767942569,
  "exp": 1768028969
}
[2026-01-09 15:09:29.598] [INFO] Login successful for user: Johnell Empuerto (ID: 1)
[2026-01-09 15:19:31.479] [DEBUG] User found: System Administrator (ID: 6)
[2026-01-09 15:19:31.480] [DEBUG] User is_admin value from DB: true
[2026-01-09 15:19:31.480] [DEBUG] User is_admin type from DB: boolean
[2026-01-09 15:19:31.481] [DEBUG] User status: Active
[2026-01-09 15:19:31.481] [DEBUG] Starting password comparison...
[2026-01-09 15:19:31.572] [DEBUG] Password validation successful
[2026-01-09 15:19:31.573] [DEBUG] === CREATING JWT TOKEN ===
[2026-01-09 15:19:31.574] [DEBUG] is_admin value for JWT: true
[2026-01-09 15:19:31.574] [DEBUG] is_admin type for JWT: boolean
[2026-01-09 15:19:31.575] [DEBUG] JWT Payload: | {
  "service": "express-app",
  "route": "/auth/login",
  "user_id": 6,
  "emp_id": "ADMIN001",
  "role": "Admin",
  "is_admin": true,
  "name": "System Administrator"
}
[2026-01-09 15:19:31.576] [DEBUG] JWT Decoded: | {
  "service": "express-app",
  "route": "/auth/login",
  "user_id": 6,
  "emp_id": "ADMIN001",
  "role": "Admin",
  "is_admin": true,
  "name": "System Administrator",
  "iat": 1767943171,
  "exp": 1768029571
}
[2026-01-09 15:19:31.577] [INFO] Login successful for user: System Administrator (ID: 6)
[2026-01-09 15:20:07.391] [DEBUG] User found: Johnell Empuerto (ID: 1)
[2026-01-09 15:20:07.392] [DEBUG] User is_admin value from DB: false
[2026-01-09 15:20:07.392] [DEBUG] User is_admin type from DB: boolean
[2026-01-09 15:20:07.393] [DEBUG] User status: Active
[2026-01-09 15:20:07.394] [DEBUG] Starting password comparison...
[2026-01-09 15:20:07.502] [DEBUG] Password validation successful
[2026-01-09 15:20:07.502] [DEBUG] === CREATING JWT TOKEN ===
[2026-01-09 15:20:07.503] [DEBUG] is_admin value for JWT: false
[2026-01-09 15:20:07.504] [DEBUG] is_admin type for JWT: boolean
[2026-01-09 15:20:07.504] [DEBUG] JWT Payload: | {
  "service": "express-app",
  "route": "/auth/login",
  "user_id": 1,
  "emp_id": "EMP001",
  "role": "Operator",
  "is_admin": false,
  "name": "Johnell Empuerto"
}
[2026-01-09 15:20:07.505] [DEBUG] JWT Decoded: | {
  "service": "express-app",
  "route": "/auth/login",
  "user_id": 1,
  "emp_id": "EMP001",
  "role": "Operator",
  "is_admin": false,
  "name": "Johnell Empuerto",
  "iat": 1767943207,
  "exp": 1768029607
}
[2026-01-09 15:20:07.506] [INFO] Login successful for user: Johnell Empuerto (ID: 1)
[2026-01-09 15:32:57.700] [DEBUG] User found: System Administrator (ID: 6)
[2026-01-09 15:32:57.701] [DEBUG] User is_admin value from DB: true
[2026-01-09 15:32:57.701] [DEBUG] User is_admin type from DB: boolean
[2026-01-09 15:32:57.702] [DEBUG] User status: Active
[2026-01-09 15:32:57.702] [DEBUG] Starting password comparison...
[2026-01-09 15:32:57.817] [DEBUG] Password validation successful
[2026-01-09 15:32:57.818] [DEBUG] === CREATING JWT TOKEN ===
[2026-01-09 15:32:57.818] [DEBUG] is_admin value for JWT: true
[2026-01-09 15:32:57.819] [DEBUG] is_admin type for JWT: boolean
[2026-01-09 15:32:57.819] [DEBUG] JWT Payload: | {
  "service": "express-app",
  "route": "/auth/login",
  "user_id": 6,
  "emp_id": "ADMIN001",
  "role": "Admin",
  "is_admin": true,
  "name": "System Administrator"
}
[2026-01-09 15:32:57.820] [DEBUG] JWT Decoded: | {
  "service": "express-app",
  "route": "/auth/login",
  "user_id": 6,
  "emp_id": "ADMIN001",
  "role": "Admin",
  "is_admin": true,
  "name": "System Administrator",
  "iat": 1767943977,
  "exp": 1768030377
}
[2026-01-09 15:32:57.820] [INFO] Login successful for user: System Administrator (ID: 6)
[2026-01-09 15:36:42.560] [DEBUG] User found: Johnell Empuerto (ID: 1)
[2026-01-09 15:36:42.561] [DEBUG] User is_admin value from DB: false
[2026-01-09 15:36:42.561] [DEBUG] User is_admin type from DB: boolean
[2026-01-09 15:36:42.562] [DEBUG] User status: Active
[2026-01-09 15:36:42.562] [DEBUG] Starting password comparison...
[2026-01-09 15:36:42.630] [DEBUG] Password validation successful
[2026-01-09 15:36:42.631] [DEBUG] === CREATING JWT TOKEN ===
[2026-01-09 15:36:42.631] [DEBUG] is_admin value for JWT: false
[2026-01-09 15:36:42.632] [DEBUG] is_admin type for JWT: boolean
[2026-01-09 15:36:42.632] [DEBUG] JWT Payload: | {
  "service": "express-app",
  "route": "/auth/login",
  "user_id": 1,
  "emp_id": "EMP001",
  "role": "Operator",
  "is_admin": false,
  "name": "Johnell Empuerto"
}
[2026-01-09 15:36:42.634] [DEBUG] JWT Decoded: | {
  "service": "express-app",
  "route": "/auth/login",
  "user_id": 1,
  "emp_id": "EMP001",
  "role": "Operator",
  "is_admin": false,
  "name": "Johnell Empuerto",
  "iat": 1767944202,
  "exp": 1768030602
}
[2026-01-09 15:36:42.635] [INFO] Login successful for user: Johnell Empuerto (ID: 1)
[2026-01-09 15:40:58.029] [DEBUG] User found: System Administrator (ID: 6)
[2026-01-09 15:40:58.029] [DEBUG] User is_admin value from DB: true
[2026-01-09 15:40:58.030] [DEBUG] User is_admin type from DB: boolean
[2026-01-09 15:40:58.030] [DEBUG] User status: Active
[2026-01-09 15:40:58.030] [DEBUG] Starting password comparison...
[2026-01-09 15:40:58.115] [WARN] Password comparison failed for emp_id: ADMIN001
[2026-01-09 15:41:04.186] [DEBUG] User found: System Administrator (ID: 6)
[2026-01-09 15:41:04.187] [DEBUG] User is_admin value from DB: true
[2026-01-09 15:41:04.187] [DEBUG] User is_admin type from DB: boolean
[2026-01-09 15:41:04.188] [DEBUG] User status: Active
[2026-01-09 15:41:04.189] [DEBUG] Starting password comparison...
[2026-01-09 15:41:04.266] [DEBUG] Password validation successful
[2026-01-09 15:41:04.266] [DEBUG] === CREATING JWT TOKEN ===
[2026-01-09 15:41:04.267] [DEBUG] is_admin value for JWT: true
[2026-01-09 15:41:04.267] [DEBUG] is_admin type for JWT: boolean
[2026-01-09 15:41:04.268] [DEBUG] JWT Payload: | {
  "service": "express-app",
  "route": "/auth/login",
  "user_id": 6,
  "emp_id": "ADMIN001",
  "role": "Admin",
  "is_admin": true,
  "name": "System Administrator"
}
[2026-01-09 15:41:04.269] [DEBUG] JWT Decoded: | {
  "service": "express-app",
  "route": "/auth/login",
  "user_id": 6,
  "emp_id": "ADMIN001",
  "role": "Admin",
  "is_admin": true,
  "name": "System Administrator",
  "iat": 1767944464,
  "exp": 1768030864
}
[2026-01-09 15:41:04.270] [INFO] Login successful for user: System Administrator (ID: 6)
[2026-01-09 15:49:06.140] [DEBUG] User found: Ken Angelo Ardiente (ID: 4)
[2026-01-09 15:49:06.141] [DEBUG] User is_admin value from DB: false
[2026-01-09 15:49:06.141] [DEBUG] User is_admin type from DB: boolean
[2026-01-09 15:49:06.142] [DEBUG] User status: Active
[2026-01-09 15:49:06.142] [DEBUG] Starting password comparison...
[2026-01-09 15:49:06.211] [DEBUG] Password validation successful
[2026-01-09 15:49:06.211] [DEBUG] === CREATING JWT TOKEN ===
[2026-01-09 15:49:06.211] [DEBUG] is_admin value for JWT: false
[2026-01-09 15:49:06.212] [DEBUG] is_admin type for JWT: boolean
[2026-01-09 15:49:06.212] [DEBUG] JWT Payload: | {
  "service": "express-app",
  "route": "/auth/login",
  "user_id": 4,
  "emp_id": "EMP002",
  "role": "Operator",
  "is_admin": false,
  "name": "Ken Angelo Ardiente"
}
[2026-01-09 15:49:06.213] [DEBUG] JWT Decoded: | {
  "service": "express-app",
  "route": "/auth/login",
  "user_id": 4,
  "emp_id": "EMP002",
  "role": "Operator",
  "is_admin": false,
  "name": "Ken Angelo Ardiente",
  "iat": 1767944946,
  "exp": 1768031346
}
[2026-01-09 15:49:06.213] [INFO] Login successful for user: Ken Angelo Ardiente (ID: 4)
[2026-01-09 15:49:46.322] [DEBUG] User found: Johnell Empuerto (ID: 1)
[2026-01-09 15:49:46.323] [DEBUG] User is_admin value from DB: false
[2026-01-09 15:49:46.323] [DEBUG] User is_admin type from DB: boolean
[2026-01-09 15:49:46.324] [DEBUG] User status: Active
[2026-01-09 15:49:46.324] [DEBUG] Starting password comparison...
[2026-01-09 15:49:46.394] [WARN] Password comparison failed for emp_id: EMP001
[2026-01-09 15:49:52.560] [DEBUG] User found: Johnell Empuerto (ID: 1)
[2026-01-09 15:49:52.561] [DEBUG] User is_admin value from DB: false
[2026-01-09 15:49:52.561] [DEBUG] User is_admin type from DB: boolean
[2026-01-09 15:49:52.562] [DEBUG] User status: Active
[2026-01-09 15:49:52.562] [DEBUG] Starting password comparison...
[2026-01-09 15:49:52.635] [WARN] Password comparison failed for emp_id: EMP001
[2026-01-09 15:49:57.639] [DEBUG] User found: Johnell Empuerto (ID: 1)
[2026-01-09 15:49:57.639] [DEBUG] User is_admin value from DB: false
[2026-01-09 15:49:57.639] [DEBUG] User is_admin type from DB: boolean
[2026-01-09 15:49:57.640] [DEBUG] User status: Active
[2026-01-09 15:49:57.640] [DEBUG] Starting password comparison...
[2026-01-09 15:49:57.712] [DEBUG] Password validation successful
[2026-01-09 15:49:57.712] [DEBUG] === CREATING JWT TOKEN ===
[2026-01-09 15:49:57.713] [DEBUG] is_admin value for JWT: false
[2026-01-09 15:49:57.713] [DEBUG] is_admin type for JWT: boolean
[2026-01-09 15:49:57.713] [DEBUG] JWT Payload: | {
  "service": "express-app",
  "route": "/auth/login",
  "user_id": 1,
  "emp_id": "EMP001",
  "role": "Operator",
  "is_admin": false,
  "name": "Johnell Empuerto"
}
[2026-01-09 15:49:57.714] [DEBUG] JWT Decoded: | {
  "service": "express-app",
  "route": "/auth/login",
  "user_id": 1,
  "emp_id": "EMP001",
  "role": "Operator",
  "is_admin": false,
  "name": "Johnell Empuerto",
  "iat": 1767944997,
  "exp": 1768031397
}
[2026-01-09 15:49:57.714] [INFO] Login successful for user: Johnell Empuerto (ID: 1)
[2026-01-09 17:02:15.559] [DEBUG] User found: Johnell Empuerto (ID: 1)
[2026-01-09 17:02:15.560] [DEBUG] User is_admin value from DB: false
[2026-01-09 17:02:15.560] [DEBUG] User is_admin type from DB: boolean
[2026-01-09 17:02:15.561] [DEBUG] User status: Active
[2026-01-09 17:02:15.561] [DEBUG] Starting password comparison...
[2026-01-09 17:02:15.634] [DEBUG] Password validation successful
[2026-01-09 17:02:15.634] [DEBUG] === CREATING JWT TOKEN ===
[2026-01-09 17:02:15.635] [DEBUG] is_admin value for JWT: false
[2026-01-09 17:02:15.635] [DEBUG] is_admin type for JWT: boolean
[2026-01-09 17:02:15.635] [DEBUG] JWT Payload: | {
  "service": "express-app",
  "route": "/auth/login",
  "user_id": 1,
  "emp_id": "EMP001",
  "role": "Operator",
  "is_admin": false,
  "name": "Johnell Empuerto"
}
[2026-01-09 17:02:15.637] [DEBUG] JWT Decoded: | {
  "service": "express-app",
  "route": "/auth/login",
  "user_id": 1,
  "emp_id": "EMP001",
  "role": "Operator",
  "is_admin": false,
  "name": "Johnell Empuerto",
  "iat": 1767949335,
  "exp": 1768035735
}
[2026-01-09 17:02:15.638] [INFO] Login successful for user: Johnell Empuerto (ID: 1)
[2026-01-09 17:02:46.612] [DEBUG] User found: System Administrator (ID: 6)
[2026-01-09 17:02:46.612] [DEBUG] User is_admin value from DB: true
[2026-01-09 17:02:46.612] [DEBUG] User is_admin type from DB: boolean
[2026-01-09 17:02:46.613] [DEBUG] User status: Active
[2026-01-09 17:02:46.613] [DEBUG] Starting password comparison...
[2026-01-09 17:02:46.684] [DEBUG] Password validation successful
[2026-01-09 17:02:46.684] [DEBUG] === CREATING JWT TOKEN ===
[2026-01-09 17:02:46.684] [DEBUG] is_admin value for JWT: true
[2026-01-09 17:02:46.685] [DEBUG] is_admin type for JWT: boolean
[2026-01-09 17:02:46.685] [DEBUG] JWT Payload: | {
  "service": "express-app",
  "route": "/auth/login",
  "user_id": 6,
  "emp_id": "ADMIN001",
  "role": "Admin",
  "is_admin": true,
  "name": "System Administrator"
}
[2026-01-09 17:02:46.686] [DEBUG] JWT Decoded: | {
  "service": "express-app",
  "route": "/auth/login",
  "user_id": 6,
  "emp_id": "ADMIN001",
  "role": "Admin",
  "is_admin": true,
  "name": "System Administrator",
  "iat": 1767949366,
  "exp": 1768035766
}
[2026-01-09 17:02:46.686] [INFO] Login successful for user: System Administrator (ID: 6)
[2026-01-09 17:23:12.052] [DEBUG] User found: Johnell Empuerto (ID: 1)
[2026-01-09 17:23:12.053] [DEBUG] User is_admin value from DB: false
[2026-01-09 17:23:12.053] [DEBUG] User is_admin type from DB: boolean
[2026-01-09 17:23:12.054] [DEBUG] User status: Active
[2026-01-09 17:23:12.054] [DEBUG] Starting password comparison...
[2026-01-09 17:23:12.122] [DEBUG] Password validation successful
[2026-01-09 17:23:12.122] [DEBUG] === CREATING JWT TOKEN ===
[2026-01-09 17:23:12.123] [DEBUG] is_admin value for JWT: false
[2026-01-09 17:23:12.123] [DEBUG] is_admin type for JWT: boolean
[2026-01-09 17:23:12.124] [DEBUG] JWT Payload: | {
  "service": "express-app",
  "route": "/auth/login",
  "user_id": 1,
  "emp_id": "EMP001",
  "role": "Operator",
  "is_admin": false,
  "name": "Johnell Empuerto"
}
[2026-01-09 17:23:12.126] [DEBUG] JWT Decoded: | {
  "service": "express-app",
  "route": "/auth/login",
  "user_id": 1,
  "emp_id": "EMP001",
  "role": "Operator",
  "is_admin": false,
  "name": "Johnell Empuerto",
  "iat": 1767950592,
  "exp": 1768036992
}
[2026-01-09 17:23:12.128] [INFO] Login successful for user: Johnell Empuerto (ID: 1)
[2026-01-09 17:43:15.827] [DEBUG] User found: System Administrator (ID: 6)
[2026-01-09 17:43:15.828] [DEBUG] User is_admin value from DB: true
[2026-01-09 17:43:15.828] [DEBUG] User is_admin type from DB: boolean
[2026-01-09 17:43:15.829] [DEBUG] User status: Active
[2026-01-09 17:43:15.830] [DEBUG] Starting password comparison...
[2026-01-09 17:43:15.970] [DEBUG] Password validation successful
[2026-01-09 17:43:15.971] [DEBUG] === CREATING JWT TOKEN ===
[2026-01-09 17:43:15.971] [DEBUG] is_admin value for JWT: true
[2026-01-09 17:43:15.972] [DEBUG] is_admin type for JWT: boolean
[2026-01-09 17:43:15.972] [DEBUG] JWT Payload: | {
  "service": "express-app",
  "route": "/auth/login",
  "user_id": 6,
  "emp_id": "ADMIN001",
  "role": "Admin",
  "is_admin": true,
  "name": "System Administrator"
}
[2026-01-09 17:43:15.974] [DEBUG] JWT Decoded: | {
  "service": "express-app",
  "route": "/auth/login",
  "user_id": 6,
  "emp_id": "ADMIN001",
  "role": "Admin",
  "is_admin": true,
  "name": "System Administrator",
  "iat": 1767951795,
  "exp": 1768038195
}
[2026-01-09 17:43:15.976] [INFO] Login successful for user: System Administrator (ID: 6)
[2026-01-09 17:44:24.532] [DEBUG] User found: Johnell Empuerto (ID: 1)
[2026-01-09 17:44:24.533] [DEBUG] User is_admin value from DB: false
[2026-01-09 17:44:24.534] [DEBUG] User is_admin type from DB: boolean
[2026-01-09 17:44:24.534] [DEBUG] User status: Active
[2026-01-09 17:44:24.535] [DEBUG] Starting password comparison...
[2026-01-09 17:44:24.666] [DEBUG] Password validation successful
[2026-01-09 17:44:24.666] [DEBUG] === CREATING JWT TOKEN ===
[2026-01-09 17:44:24.667] [DEBUG] is_admin value for JWT: false
[2026-01-09 17:44:24.667] [DEBUG] is_admin type for JWT: boolean
[2026-01-09 17:44:24.668] [DEBUG] JWT Payload: | {
  "service": "express-app",
  "route": "/auth/login",
  "user_id": 1,
  "emp_id": "EMP001",
  "role": "Operator",
  "is_admin": false,
  "name": "Johnell Empuerto"
}
[2026-01-09 17:44:24.669] [DEBUG] JWT Decoded: | {
  "service": "express-app",
  "route": "/auth/login",
  "user_id": 1,
  "emp_id": "EMP001",
  "role": "Operator",
  "is_admin": false,
  "name": "Johnell Empuerto",
  "iat": 1767951864,
  "exp": 1768038264
}
[2026-01-09 17:44:24.669] [INFO] Login successful for user: Johnell Empuerto (ID: 1)
[2026-01-09 17:44:59.733] [DEBUG] User found: Romnick Muana (ID: 5)
[2026-01-09 17:44:59.733] [DEBUG] User is_admin value from DB: false
[2026-01-09 17:44:59.734] [DEBUG] User is_admin type from DB: boolean
[2026-01-09 17:44:59.734] [DEBUG] User status: Active
[2026-01-09 17:44:59.735] [DEBUG] Starting password comparison...
[2026-01-09 17:44:59.844] [DEBUG] Password validation successful
[2026-01-09 17:44:59.845] [DEBUG] === CREATING JWT TOKEN ===
[2026-01-09 17:44:59.846] [DEBUG] is_admin value for JWT: false
[2026-01-09 17:44:59.846] [DEBUG] is_admin type for JWT: boolean
[2026-01-09 17:44:59.846] [DEBUG] JWT Payload: | {
  "service": "express-app",
  "route": "/auth/login",
  "user_id": 5,
  "emp_id": "EMP003",
  "role": "Supervisor",
  "is_admin": false,
  "name": "Romnick Muana"
}
[2026-01-09 17:44:59.847] [DEBUG] JWT Decoded: | {
  "service": "express-app",
  "route": "/auth/login",
  "user_id": 5,
  "emp_id": "EMP003",
  "role": "Supervisor",
  "is_admin": false,
  "name": "Romnick Muana",
  "iat": 1767951899,
  "exp": 1768038299
}
[2026-01-09 17:44:59.847] [INFO] Login successful for user: Romnick Muana (ID: 5)
[2026-01-09 17:46:09.031] [DEBUG] User found: System Administrator (ID: 6)
[2026-01-09 17:46:09.032] [DEBUG] User is_admin value from DB: true
[2026-01-09 17:46:09.032] [DEBUG] User is_admin type from DB: boolean
[2026-01-09 17:46:09.033] [DEBUG] User status: Active
[2026-01-09 17:46:09.034] [DEBUG] Starting password comparison...
[2026-01-09 17:46:09.157] [WARN] Password comparison failed for emp_id: ADMIN001
[2026-01-09 17:46:14.993] [DEBUG] User found: System Administrator (ID: 6)
[2026-01-09 17:46:14.993] [DEBUG] User is_admin value from DB: true
[2026-01-09 17:46:14.994] [DEBUG] User is_admin type from DB: boolean
[2026-01-09 17:46:14.994] [DEBUG] User status: Active
[2026-01-09 17:46:14.994] [DEBUG] Starting password comparison...
[2026-01-09 17:46:15.141] [DEBUG] Password validation successful
[2026-01-09 17:46:15.142] [DEBUG] === CREATING JWT TOKEN ===
[2026-01-09 17:46:15.143] [DEBUG] is_admin value for JWT: true
[2026-01-09 17:46:15.144] [DEBUG] is_admin type for JWT: boolean
[2026-01-09 17:46:15.144] [DEBUG] JWT Payload: | {
  "service": "express-app",
  "route": "/auth/login",
  "user_id": 6,
  "emp_id": "ADMIN001",
  "role": "Admin",
  "is_admin": true,
  "name": "System Administrator"
}
[2026-01-09 17:46:15.146] [DEBUG] JWT Decoded: | {
  "service": "express-app",
  "route": "/auth/login",
  "user_id": 6,
  "emp_id": "ADMIN001",
  "role": "Admin",
  "is_admin": true,
  "name": "System Administrator",
  "iat": 1767951975,
  "exp": 1768038375
}
[2026-01-09 17:46:15.147] [INFO] Login successful for user: System Administrator (ID: 6)
[2026-01-09 17:58:42.595] [DEBUG] User found: Johnell Empuerto (ID: 1)
[2026-01-09 17:58:42.595] [DEBUG] User is_admin value from DB: false
[2026-01-09 17:58:42.596] [DEBUG] User is_admin type from DB: boolean
[2026-01-09 17:58:42.596] [DEBUG] User status: Active
[2026-01-09 17:58:42.597] [DEBUG] Starting password comparison...
[2026-01-09 17:58:42.668] [DEBUG] Password validation successful
[2026-01-09 17:58:42.669] [DEBUG] === CREATING JWT TOKEN ===
[2026-01-09 17:58:42.669] [DEBUG] is_admin value for JWT: false
[2026-01-09 17:58:42.670] [DEBUG] is_admin type for JWT: boolean
[2026-01-09 17:58:42.670] [DEBUG] JWT Payload: | {
  "service": "express-app",
  "route": "/auth/login",
  "user_id": 1,
  "emp_id": "EMP001",
  "role": "Operator",
  "is_admin": false,
  "name": "Johnell Empuerto"
}
[2026-01-09 17:58:42.671] [DEBUG] JWT Decoded: | {
  "service": "express-app",
  "route": "/auth/login",
  "user_id": 1,
  "emp_id": "EMP001",
  "role": "Operator",
  "is_admin": false,
  "name": "Johnell Empuerto",
  "iat": 1767952722,
  "exp": 1768039122
}
[2026-01-09 17:58:42.672] [INFO] Login successful for user: Johnell Empuerto (ID: 1)
[2026-01-12 08:23:32.954] [DEBUG] User found: Johnell Empuerto (ID: 1)
[2026-01-12 08:23:32.956] [DEBUG] User is_admin value from DB: false
[2026-01-12 08:23:32.956] [DEBUG] User is_admin type from DB: boolean
[2026-01-12 08:23:32.957] [DEBUG] User status: Active
[2026-01-12 08:23:32.957] [DEBUG] Starting password comparison...
[2026-01-12 08:23:33.046] [DEBUG] Password validation successful
[2026-01-12 08:23:33.047] [DEBUG] === CREATING JWT TOKEN ===
[2026-01-12 08:23:33.048] [DEBUG] is_admin value for JWT: false
[2026-01-12 08:23:33.049] [DEBUG] is_admin type for JWT: boolean
[2026-01-12 08:23:33.051] [DEBUG] JWT Payload: | {
  "service": "express-app",
  "route": "/auth/login",
  "user_id": 1,
  "emp_id": "EMP001",
  "role": "Operator",
  "is_admin": false,
  "name": "Johnell Empuerto"
}
[2026-01-12 08:23:33.063] [DEBUG] JWT Decoded: | {
  "service": "express-app",
  "route": "/auth/login",
  "user_id": 1,
  "emp_id": "EMP001",
  "role": "Operator",
  "is_admin": false,
  "name": "Johnell Empuerto",
  "iat": 1768177413,
  "exp": 1768263813
}
[2026-01-12 08:23:33.066] [INFO] Login successful for user: Johnell Empuerto (ID: 1)
[2026-01-12 10:26:13.429] [DEBUG] User found: Johnell Empuerto (ID: 1)
[2026-01-12 10:26:13.430] [DEBUG] User is_admin value from DB: false
[2026-01-12 10:26:13.430] [DEBUG] User is_admin type from DB: boolean
[2026-01-12 10:26:13.431] [DEBUG] User status: Active
[2026-01-12 10:26:13.431] [DEBUG] Starting password comparison...
[2026-01-12 10:26:13.505] [DEBUG] Password validation successful
[2026-01-12 10:26:13.506] [DEBUG] === CREATING JWT TOKEN ===
[2026-01-12 10:26:13.507] [DEBUG] is_admin value for JWT: false
[2026-01-12 10:26:13.508] [DEBUG] is_admin type for JWT: boolean
[2026-01-12 10:26:13.508] [DEBUG] JWT Payload: | {
  "service": "express-app",
  "route": "/auth/login",
  "user_id": 1,
  "emp_id": "EMP001",
  "role": "Operator",
  "is_admin": false,
  "name": "Johnell Empuerto"
}
[2026-01-12 10:26:13.513] [DEBUG] JWT Decoded: | {
  "service": "express-app",
  "route": "/auth/login",
  "user_id": 1,
  "emp_id": "EMP001",
  "role": "Operator",
  "is_admin": false,
  "name": "Johnell Empuerto",
  "iat": 1768184773,
  "exp": 1768271173
}
[2026-01-12 10:26:13.514] [INFO] Login successful for user: Johnell Empuerto (ID: 1)
[2026-01-12 11:31:40.548] [DEBUG] User found: Johnell Empuerto (ID: 1)
[2026-01-12 11:31:40.548] [DEBUG] User is_admin value from DB: false
[2026-01-12 11:31:40.549] [DEBUG] User is_admin type from DB: boolean
[2026-01-12 11:31:40.550] [DEBUG] User status: Active
[2026-01-12 11:31:40.550] [DEBUG] Starting password comparison...
[2026-01-12 11:31:40.624] [DEBUG] Password validation successful
[2026-01-12 11:31:40.624] [DEBUG] === CREATING JWT TOKEN ===
[2026-01-12 11:31:40.624] [DEBUG] is_admin value for JWT: false
[2026-01-12 11:31:40.625] [DEBUG] is_admin type for JWT: boolean
[2026-01-12 11:31:40.625] [DEBUG] JWT Payload: | {
  "service": "express-app",
  "route": "/auth/login",
  "user_id": 1,
  "emp_id": "EMP001",
  "role": "Operator",
  "is_admin": false,
  "name": "Johnell Empuerto"
}
[2026-01-12 11:31:40.627] [DEBUG] JWT Decoded: | {
  "service": "express-app",
  "route": "/auth/login",
  "user_id": 1,
  "emp_id": "EMP001",
  "role": "Operator",
  "is_admin": false,
  "name": "Johnell Empuerto",
  "iat": 1768188700,
  "exp": 1768275100
}
[2026-01-12 11:31:40.628] [INFO] Login successful for user: Johnell Empuerto (ID: 1)
[2026-01-12 11:35:33.451] [DEBUG] User found: System Administrator (ID: 6)
[2026-01-12 11:35:33.452] [DEBUG] User is_admin value from DB: true
[2026-01-12 11:35:33.452] [DEBUG] User is_admin type from DB: boolean
[2026-01-12 11:35:33.453] [DEBUG] User status: Active
[2026-01-12 11:35:33.454] [DEBUG] Starting password comparison...
[2026-01-12 11:35:33.524] [DEBUG] Password validation successful
[2026-01-12 11:35:33.525] [DEBUG] === CREATING JWT TOKEN ===
[2026-01-12 11:35:33.525] [DEBUG] is_admin value for JWT: true
[2026-01-12 11:35:33.526] [DEBUG] is_admin type for JWT: boolean
[2026-01-12 11:35:33.526] [DEBUG] JWT Payload: | {
  "service": "express-app",
  "route": "/auth/login",
  "user_id": 6,
  "emp_id": "ADMIN001",
  "role": "Admin",
  "is_admin": true,
  "name": "System Administrator"
}
[2026-01-12 11:35:33.527] [DEBUG] JWT Decoded: | {
  "service": "express-app",
  "route": "/auth/login",
  "user_id": 6,
  "emp_id": "ADMIN001",
  "role": "Admin",
  "is_admin": true,
  "name": "System Administrator",
  "iat": 1768188933,
  "exp": 1768275333
}
[2026-01-12 11:35:33.528] [INFO] Login successful for user: System Administrator (ID: 6)
[2026-01-12 11:35:54.869] [DEBUG] User found: Johnell Empuerto (ID: 1)
[2026-01-12 11:35:54.870] [DEBUG] User is_admin value from DB: false
[2026-01-12 11:35:54.870] [DEBUG] User is_admin type from DB: boolean
[2026-01-12 11:35:54.870] [DEBUG] User status: Active
[2026-01-12 11:35:54.871] [DEBUG] Starting password comparison...
[2026-01-12 11:35:54.940] [DEBUG] Password validation successful
[2026-01-12 11:35:54.940] [DEBUG] === CREATING JWT TOKEN ===
[2026-01-12 11:35:54.940] [DEBUG] is_admin value for JWT: false
[2026-01-12 11:35:54.941] [DEBUG] is_admin type for JWT: boolean
[2026-01-12 11:35:54.941] [DEBUG] JWT Payload: | {
  "service": "express-app",
  "route": "/auth/login",
  "user_id": 1,
  "emp_id": "EMP001",
  "role": "Operator",
  "is_admin": false,
  "name": "Johnell Empuerto"
}
[2026-01-12 11:35:54.942] [DEBUG] JWT Decoded: | {
  "service": "express-app",
  "route": "/auth/login",
  "user_id": 1,
  "emp_id": "EMP001",
  "role": "Operator",
  "is_admin": false,
  "name": "Johnell Empuerto",
  "iat": 1768188954,
  "exp": 1768275354
}
[2026-01-12 11:35:54.942] [INFO] Login successful for user: Johnell Empuerto (ID: 1)
[2026-01-12 15:33:20.195] [DEBUG] User found: System Administrator (ID: 6)
[2026-01-12 15:33:20.196] [DEBUG] User is_admin value from DB: true
[2026-01-12 15:33:20.196] [DEBUG] User is_admin type from DB: boolean
[2026-01-12 15:33:20.197] [DEBUG] User status: Active
[2026-01-12 15:33:20.197] [DEBUG] Starting password comparison...
[2026-01-12 15:33:20.280] [WARN] Password comparison failed for emp_id: ADMIN001
[2026-01-12 15:33:26.707] [DEBUG] User found: System Administrator (ID: 6)
[2026-01-12 15:33:26.707] [DEBUG] User is_admin value from DB: true
[2026-01-12 15:33:26.707] [DEBUG] User is_admin type from DB: boolean
[2026-01-12 15:33:26.708] [DEBUG] User status: Active
[2026-01-12 15:33:26.708] [DEBUG] Starting password comparison...
[2026-01-12 15:33:26.795] [DEBUG] Password validation successful
[2026-01-12 15:33:26.796] [DEBUG] === CREATING JWT TOKEN ===
[2026-01-12 15:33:26.796] [DEBUG] is_admin value for JWT: true
[2026-01-12 15:33:26.797] [DEBUG] is_admin type for JWT: boolean
[2026-01-12 15:33:26.797] [DEBUG] JWT Payload: | {
  "service": "express-app",
  "route": "/auth/login",
  "user_id": 6,
  "emp_id": "ADMIN001",
  "role": "Admin",
  "is_admin": true,
  "name": "System Administrator"
}
[2026-01-12 15:33:26.803] [DEBUG] JWT Decoded: | {
  "service": "express-app",
  "route": "/auth/login",
  "user_id": 6,
  "emp_id": "ADMIN001",
  "role": "Admin",
  "is_admin": true,
  "name": "System Administrator",
  "iat": 1768203206,
  "exp": 1768289606
}
[2026-01-12 15:33:26.806] [INFO] Login successful for user: System Administrator (ID: 6)
[2026-01-12 16:54:58.955] [DEBUG] User found: System Administrator (ID: 6)
[2026-01-12 16:54:58.956] [DEBUG] User is_admin value from DB: true
[2026-01-12 16:54:58.956] [DEBUG] User is_admin type from DB: boolean
[2026-01-12 16:54:58.956] [DEBUG] User status: Active
[2026-01-12 16:54:58.957] [DEBUG] Starting password comparison...
[2026-01-12 16:54:59.024] [DEBUG] Password validation successful
[2026-01-12 16:54:59.024] [DEBUG] === CREATING JWT TOKEN ===
[2026-01-12 16:54:59.025] [DEBUG] is_admin value for JWT: true
[2026-01-12 16:54:59.025] [DEBUG] is_admin type for JWT: boolean
[2026-01-12 16:54:59.025] [DEBUG] JWT Payload: | {
  "service": "express-app",
  "route": "/auth/login",
  "user_id": 6,
  "emp_id": "ADMIN001",
  "role": "Admin",
  "is_admin": true,
  "name": "System Administrator"
}
[2026-01-12 16:54:59.030] [DEBUG] JWT Decoded: | {
  "service": "express-app",
  "route": "/auth/login",
  "user_id": 6,
  "emp_id": "ADMIN001",
  "role": "Admin",
  "is_admin": true,
  "name": "System Administrator",
  "iat": 1768208099,
  "exp": 1768294499
}
[2026-01-12 16:54:59.031] [INFO] Login successful for user: System Administrator (ID: 6)
[2026-01-12 17:43:43.733] [DEBUG] User found: Ken Angelo Ardiente (ID: 4)
[2026-01-12 17:43:43.734] [DEBUG] User is_admin value from DB: false
[2026-01-12 17:43:43.735] [DEBUG] User is_admin type from DB: boolean
[2026-01-12 17:43:43.735] [DEBUG] User status: Active
[2026-01-12 17:43:43.735] [DEBUG] Starting password comparison...
[2026-01-12 17:43:43.817] [DEBUG] Password validation successful
[2026-01-12 17:43:43.818] [DEBUG] === CREATING JWT TOKEN ===
[2026-01-12 17:43:43.818] [DEBUG] is_admin value for JWT: false
[2026-01-12 17:43:43.818] [DEBUG] is_admin type for JWT: boolean
[2026-01-12 17:43:43.819] [DEBUG] JWT Payload: | {
  "service": "express-app",
  "route": "/auth/login",
  "user_id": 4,
  "emp_id": "EMP002",
  "role": "Operator",
  "is_admin": false,
  "name": "Ken Angelo Ardiente"
}
[2026-01-12 17:43:43.822] [DEBUG] JWT Decoded: | {
  "service": "express-app",
  "route": "/auth/login",
  "user_id": 4,
  "emp_id": "EMP002",
  "role": "Operator",
  "is_admin": false,
  "name": "Ken Angelo Ardiente",
  "iat": 1768211023,
  "exp": 1768297423
}
[2026-01-12 17:43:43.823] [INFO] Login successful for user: Ken Angelo Ardiente (ID: 4)
[2026-01-12 17:44:14.913] [DEBUG] User found: System Administrator (ID: 6)
[2026-01-12 17:44:14.913] [DEBUG] User is_admin value from DB: true
[2026-01-12 17:44:14.913] [DEBUG] User is_admin type from DB: boolean
[2026-01-12 17:44:14.914] [DEBUG] User status: Active
[2026-01-12 17:44:14.914] [DEBUG] Starting password comparison...
[2026-01-12 17:44:14.986] [WARN] Password comparison failed for emp_id: ADMIN001
[2026-01-12 17:44:19.410] [DEBUG] User found: System Administrator (ID: 6)
[2026-01-12 17:44:19.410] [DEBUG] User is_admin value from DB: true
[2026-01-12 17:44:19.411] [DEBUG] User is_admin type from DB: boolean
[2026-01-12 17:44:19.411] [DEBUG] User status: Active
[2026-01-12 17:44:19.412] [DEBUG] Starting password comparison...
[2026-01-12 17:44:19.492] [DEBUG] Password validation successful
[2026-01-12 17:44:19.493] [DEBUG] === CREATING JWT TOKEN ===
[2026-01-12 17:44:19.493] [DEBUG] is_admin value for JWT: true
[2026-01-12 17:44:19.494] [DEBUG] is_admin type for JWT: boolean
[2026-01-12 17:44:19.494] [DEBUG] JWT Payload: | {
  "service": "express-app",
  "route": "/auth/login",
  "user_id": 6,
  "emp_id": "ADMIN001",
  "role": "Admin",
  "is_admin": true,
  "name": "System Administrator"
}
[2026-01-12 17:44:19.495] [DEBUG] JWT Decoded: | {
  "service": "express-app",
  "route": "/auth/login",
  "user_id": 6,
  "emp_id": "ADMIN001",
  "role": "Admin",
  "is_admin": true,
  "name": "System Administrator",
  "iat": 1768211059,
  "exp": 1768297459
}
[2026-01-12 17:44:19.496] [INFO] Login successful for user: System Administrator (ID: 6)
[2026-01-12 17:47:45.948] [DEBUG] User found: Ken Angelo Ardiente (ID: 4)
[2026-01-12 17:47:45.949] [DEBUG] User is_admin value from DB: false
[2026-01-12 17:47:45.950] [DEBUG] User is_admin type from DB: boolean
[2026-01-12 17:47:45.950] [DEBUG] User status: Active
[2026-01-12 17:47:45.950] [DEBUG] Starting password comparison...
[2026-01-12 17:47:46.025] [DEBUG] Password validation successful
[2026-01-12 17:47:46.026] [DEBUG] === CREATING JWT TOKEN ===
[2026-01-12 17:47:46.026] [DEBUG] is_admin value for JWT: false
[2026-01-12 17:47:46.026] [DEBUG] is_admin type for JWT: boolean
[2026-01-12 17:47:46.027] [DEBUG] JWT Payload: | {
  "service": "express-app",
  "route": "/auth/login",
  "user_id": 4,
  "emp_id": "EMP002",
  "role": "Operator",
  "is_admin": false,
  "name": "Ken Angelo Ardiente"
}
[2026-01-12 17:47:46.027] [DEBUG] JWT Decoded: | {
  "service": "express-app",
  "route": "/auth/login",
  "user_id": 4,
  "emp_id": "EMP002",
  "role": "Operator",
  "is_admin": false,
  "name": "Ken Angelo Ardiente",
  "iat": 1768211266,
  "exp": 1768297666
}
[2026-01-12 17:47:46.028] [INFO] Login successful for user: Ken Angelo Ardiente (ID: 4)
[2026-01-13 07:43:29.083] [DEBUG] User found: Johnell Empuerto (ID: 1)
[2026-01-13 07:43:29.085] [DEBUG] User is_admin value from DB: false
[2026-01-13 07:43:29.085] [DEBUG] User is_admin type from DB: boolean
[2026-01-13 07:43:29.086] [DEBUG] User status: Active
[2026-01-13 07:43:29.086] [DEBUG] Starting password comparison...
[2026-01-13 07:43:29.155] [DEBUG] Password validation successful
[2026-01-13 07:43:29.155] [DEBUG] === CREATING JWT TOKEN ===
[2026-01-13 07:43:29.156] [DEBUG] is_admin value for JWT: false
[2026-01-13 07:43:29.156] [DEBUG] is_admin type for JWT: boolean
[2026-01-13 07:43:29.157] [DEBUG] JWT Payload: | {
  "service": "express-app",
  "route": "/auth/login",
  "user_id": 1,
  "emp_id": "EMP001",
  "role": "Operator",
  "is_admin": false,
  "name": "Johnell Empuerto"
}
[2026-01-13 07:43:29.163] [DEBUG] JWT Decoded: | {
  "service": "express-app",
  "route": "/auth/login",
  "user_id": 1,
  "emp_id": "EMP001",
  "role": "Operator",
  "is_admin": false,
  "name": "Johnell Empuerto",
  "iat": 1768261409,
  "exp": 1768347809
}
[2026-01-13 07:43:29.165] [INFO] Login successful for user: Johnell Empuerto (ID: 1)
[2026-01-13 07:49:57.769] [DEBUG] User found: System Administrator (ID: 6)
[2026-01-13 07:49:57.769] [DEBUG] User is_admin value from DB: true
[2026-01-13 07:49:57.770] [DEBUG] User is_admin type from DB: boolean
[2026-01-13 07:49:57.770] [DEBUG] User status: Active
[2026-01-13 07:49:57.770] [DEBUG] Starting password comparison...
[2026-01-13 07:49:57.837] [DEBUG] Password validation successful
[2026-01-13 07:49:57.837] [DEBUG] === CREATING JWT TOKEN ===
[2026-01-13 07:49:57.838] [DEBUG] is_admin value for JWT: true
[2026-01-13 07:49:57.838] [DEBUG] is_admin type for JWT: boolean
[2026-01-13 07:49:57.838] [DEBUG] JWT Payload: | {
  "service": "express-app",
  "route": "/auth/login",
  "user_id": 6,
  "emp_id": "ADMIN001",
  "role": "Admin",
  "is_admin": true,
  "name": "System Administrator"
}
[2026-01-13 07:49:57.840] [DEBUG] JWT Decoded: | {
  "service": "express-app",
  "route": "/auth/login",
  "user_id": 6,
  "emp_id": "ADMIN001",
  "role": "Admin",
  "is_admin": true,
  "name": "System Administrator",
  "iat": 1768261797,
  "exp": 1768348197
}
[2026-01-13 07:49:57.841] [INFO] Login successful for user: System Administrator (ID: 6)
[2026-01-13 09:21:44.870] [DEBUG] User found: Johnell Empuerto (ID: 1)
[2026-01-13 09:21:44.872] [DEBUG] User is_admin value from DB: false
[2026-01-13 09:21:44.873] [DEBUG] User is_admin type from DB: boolean
[2026-01-13 09:21:44.874] [DEBUG] User status: Active
[2026-01-13 09:21:44.874] [DEBUG] Starting password comparison...
[2026-01-13 09:21:44.951] [DEBUG] Password validation successful
[2026-01-13 09:21:44.952] [DEBUG] === CREATING JWT TOKEN ===
[2026-01-13 09:21:44.952] [DEBUG] is_admin value for JWT: false
[2026-01-13 09:21:44.953] [DEBUG] is_admin type for JWT: boolean
[2026-01-13 09:21:44.953] [DEBUG] JWT Payload: | {
  "service": "express-app",
  "route": "/auth/login",
  "user_id": 1,
  "emp_id": "EMP001",
  "role": "Operator",
  "is_admin": false,
  "name": "Johnell Empuerto"
}
[2026-01-13 09:21:44.971] [DEBUG] JWT Decoded: | {
  "service": "express-app",
  "route": "/auth/login",
  "user_id": 1,
  "emp_id": "EMP001",
  "role": "Operator",
  "is_admin": false,
  "name": "Johnell Empuerto",
  "iat": 1768267304,
  "exp": 1768353704
}
[2026-01-13 09:21:44.972] [INFO] Login successful for user: Johnell Empuerto (ID: 1)
[2026-01-13 09:23:14.582] [DEBUG] User found: System Administrator (ID: 6)
[2026-01-13 09:23:14.583] [DEBUG] User is_admin value from DB: true
[2026-01-13 09:23:14.583] [DEBUG] User is_admin type from DB: boolean
[2026-01-13 09:23:14.583] [DEBUG] User status: Active
[2026-01-13 09:23:14.584] [DEBUG] Starting password comparison...
[2026-01-13 09:23:14.647] [DEBUG] Password validation successful
[2026-01-13 09:23:14.648] [DEBUG] === CREATING JWT TOKEN ===
[2026-01-13 09:23:14.648] [DEBUG] is_admin value for JWT: true
[2026-01-13 09:23:14.648] [DEBUG] is_admin type for JWT: boolean
[2026-01-13 09:23:14.649] [DEBUG] JWT Payload: | {
  "service": "express-app",
  "route": "/auth/login",
  "user_id": 6,
  "emp_id": "ADMIN001",
  "role": "Admin",
  "is_admin": true,
  "name": "System Administrator"
}
[2026-01-13 09:23:14.650] [DEBUG] JWT Decoded: | {
  "service": "express-app",
  "route": "/auth/login",
  "user_id": 6,
  "emp_id": "ADMIN001",
  "role": "Admin",
  "is_admin": true,
  "name": "System Administrator",
  "iat": 1768267394,
  "exp": 1768353794
}
[2026-01-13 09:23:14.650] [INFO] Login successful for user: System Administrator (ID: 6)
[2026-01-13 09:28:21.969] [DEBUG] User found: Johnell Empuerto (ID: 1)
[2026-01-13 09:28:21.971] [DEBUG] User is_admin value from DB: false
[2026-01-13 09:28:21.972] [DEBUG] User is_admin type from DB: boolean
[2026-01-13 09:28:21.973] [DEBUG] User status: Active
[2026-01-13 09:28:21.973] [DEBUG] Starting password comparison...
[2026-01-13 09:28:22.043] [DEBUG] Password validation successful
[2026-01-13 09:28:22.044] [DEBUG] === CREATING JWT TOKEN ===
[2026-01-13 09:28:22.044] [DEBUG] is_admin value for JWT: false
[2026-01-13 09:28:22.045] [DEBUG] is_admin type for JWT: boolean
[2026-01-13 09:28:22.045] [DEBUG] JWT Payload: | {
  "service": "express-app",
  "route": "/auth/login",
  "user_id": 1,
  "emp_id": "EMP001",
  "role": "Operator",
  "is_admin": false,
  "name": "Johnell Empuerto"
}
[2026-01-13 09:28:22.049] [DEBUG] JWT Decoded: | {
  "service": "express-app",
  "route": "/auth/login",
  "user_id": 1,
  "emp_id": "EMP001",
  "role": "Operator",
  "is_admin": false,
  "name": "Johnell Empuerto",
  "iat": 1768267702,
  "exp": 1768354102
}
[2026-01-13 09:28:22.050] [INFO] Login successful for user: Johnell Empuerto (ID: 1)
