[2026-01-08 16:28:41.006] [DEBUG] Fetching user details for user_id: 7
[2026-01-08 16:28:41.007] [DEBUG] User found: Nielbert Pusayan (EMP004)
[2026-01-08 16:28:58.381] [DEBUG] Update request data: | {
  "service": "express-app",
  "route": "/users/manage",
  "emp_id": "EMP004",
  "name": "Nielbert Pusayan",
  "email": "nielbertpusayan@gmail.com",
  "password_provided": false,
  "is_admin": false
}
[2026-01-08 16:28:58.382] [DEBUG] Checking if user exists in database
[2026-01-08 16:28:58.436] [DEBUG] Existing user found: Nielbert Pusayan (EMP004)
[2026-01-08 16:28:58.437] [DEBUG] Checking for duplicate emp_id or email
[2026-01-08 16:28:58.439] [DEBUG] No password provided - updating without password change
[2026-01-08 16:28:58.440] [DEBUG] Executing update query
[2026-01-08 16:28:58.444] [DEBUG] User updated successfully | {
  "service": "express-app",
  "route": "/users/manage",
  "user_id": 7,
  "emp_id": "EMP004",
  "status": "Active",
  "is_admin": false
}
[2026-01-08 16:28:58.445] [INFO] User updated: Nielbert Pusayan (ID: 7) by admin: System Administrator
[2026-01-08 16:40:48.865] [DEBUG] Fetching user details for user_id: 1
[2026-01-08 16:40:48.917] [DEBUG] User found: Johnell Empuerto (EMP001)
[2026-01-08 16:42:23.521] [DEBUG] Fetching user details for user_id: 1
[2026-01-08 16:42:23.524] [DEBUG] User found: Johnell Empuerto (EMP001)
[2026-01-08 17:01:20.229] [DEBUG] Fetching user details for user_id: 1
[2026-01-08 17:01:20.236] [DEBUG] User found: Johnell Empuerto (EMP001)
[2026-01-08 17:53:47.754] [DEBUG] Fetching user details for user_id: 1
[2026-01-08 17:53:47.819] [DEBUG] User found: Johnell Empuerto (EMP001)
[2026-01-08 17:53:50.276] [DEBUG] Fetching user details for user_id: 1
[2026-01-08 17:53:50.278] [DEBUG] User found: Johnell Empuerto (EMP001)
[2026-01-08 17:56:26.368] [DEBUG] Fetching user details for user_id: 1
[2026-01-08 17:56:26.419] [DEBUG] User found: Johnell Empuerto (EMP001)
[2026-01-08 17:56:30.791] [DEBUG] Update request data: | {
  "service": "express-app",
  "route": "/users/manage",
  "emp_id": "EMP001",
  "name": "Johnell Empuerto",
  "email": "jeempuerto@n-pax.com",
  "password_provided": false,
  "is_admin": false
}
[2026-01-08 17:56:30.792] [DEBUG] Checking if user exists in database
[2026-01-08 17:56:30.796] [DEBUG] Existing user found: Johnell Empuerto (EMP001)
[2026-01-08 17:56:30.797] [DEBUG] Checking for duplicate emp_id or email
[2026-01-08 17:56:30.800] [DEBUG] No password provided - updating without password change
[2026-01-08 17:56:30.801] [DEBUG] Executing update query
[2026-01-08 17:56:30.807] [DEBUG] User updated successfully | {
  "service": "express-app",
  "route": "/users/manage",
  "user_id": 1,
  "emp_id": "EMP001",
  "status": "Active",
  "is_admin": false
}
[2026-01-08 17:56:30.809] [INFO] User updated: Johnell Empuerto (ID: 1) by admin: System Administrator
[2026-01-09 08:32:25.534] [DEBUG] Fetching user details for user_id: 1
[2026-01-09 08:32:25.537] [DEBUG] User found: Johnell Empuerto (EMP001)
[2026-01-09 08:32:50.650] [DEBUG] Fetching user details for user_id: 1
[2026-01-09 08:32:50.707] [DEBUG] User found: Johnell Empuerto (EMP001)
[2026-01-09 08:33:36.006] [DEBUG] Fetching user details for user_id: 1
[2026-01-09 08:33:36.055] [DEBUG] User found: Johnell Empuerto (EMP001)
[2026-01-09 08:33:45.274] [DEBUG] Fetching user details for user_id: 1
[2026-01-09 08:33:45.276] [DEBUG] User found: Johnell Empuerto (EMP001)
[2026-01-12 09:05:55.946] [ERROR] Error Response: GET /Backend/api/editusermaster/1 | {
  "service": "express-app",
  "route": "/users/manage",
  "statusCode": 403,
  "data": {
    "success": false,
    "message": "Admin access only",
    "debug": {
      "user_id": 1,
      "emp_id": "EMP001",
      "name": "Johnell Empuerto",
      "is_admin_value": false,
      "is_admin_type": "boolean",
      "comparisons": {
        "strictTrue": false,
        "looseTrue": false,
        "strictFalse": true,
        "looseFalse": true,
        "stringTrue": false,
        "stringFalse": false,
        "numberOne": false,
        "numberZero": false,
        "booleanTrue": false,
        "booleanFalse": true
      },
      "isAdminUser_result": false
    }
  }
}
[2026-01-12 09:05:55.949] [ERROR] Error Response: GET /Backend/api/editusermaster/1 | {
  "service": "express-app",
  "route": "/users/manage",
  "statusCode": 403
}
[2026-01-12 09:11:39.704] [ERROR] Error Response: DELETE /Backend/api/editusermaster/1 | {
  "service": "express-app",
  "route": "/users/manage",
  "statusCode": 403,
  "data": {
    "success": false,
    "message": "Admin access only",
    "debug": {
      "user_id": 1,
      "emp_id": "EMP001",
      "name": "Johnell Empuerto",
      "is_admin_value": false,
      "is_admin_type": "boolean",
      "comparisons": {
        "strictTrue": false,
        "looseTrue": false,
        "strictFalse": true,
        "looseFalse": true,
        "stringTrue": false,
        "stringFalse": false,
        "numberOne": false,
        "numberZero": false,
        "booleanTrue": false,
        "booleanFalse": true
      },
      "isAdminUser_result": false
    }
  }
}
[2026-01-12 09:11:39.705] [ERROR] Error Response: DELETE /Backend/api/editusermaster/1 | {
  "service": "express-app",
  "route": "/users/manage",
  "statusCode": 403
}
[2026-01-12 09:11:41.790] [ERROR] Error Response: GET /Backend/api/editusermaster/1 | {
  "service": "express-app",
  "route": "/users/manage",
  "statusCode": 403,
  "data": {
    "success": false,
    "message": "Admin access only",
    "debug": {
      "user_id": 1,
      "emp_id": "EMP001",
      "name": "Johnell Empuerto",
      "is_admin_value": false,
      "is_admin_type": "boolean",
      "comparisons": {
        "strictTrue": false,
        "looseTrue": false,
        "strictFalse": true,
        "looseFalse": true,
        "stringTrue": false,
        "stringFalse": false,
        "numberOne": false,
        "numberZero": false,
        "booleanTrue": false,
        "booleanFalse": true
      },
      "isAdminUser_result": false
    }
  }
}
[2026-01-12 09:11:41.791] [ERROR] Error Response: GET /Backend/api/editusermaster/1 | {
  "service": "express-app",
  "route": "/users/manage",
  "statusCode": 403
}
[2026-01-12 17:44:36.094] [DEBUG] Fetching user details for user_id: 1
[2026-01-12 17:44:36.096] [DEBUG] User found: Johnell Empuerto (EMP001)
[2026-01-12 17:47:16.548] [DEBUG] Fetching user details for user_id: 1
[2026-01-12 17:47:16.550] [DEBUG] User found: Johnell Empuerto (EMP001)
[2026-01-12 17:47:29.993] [DEBUG] Fetching user details for user_id: 4
[2026-01-12 17:47:30.041] [DEBUG] User found: Ken Angelo Ardiente (EMP002)
[2026-01-13 07:50:06.447] [DEBUG] Fetching user details for user_id: 1
[2026-01-13 07:50:06.451] [DEBUG] User found: Johnell Empuerto (EMP001)
