[2026-01-08 16:02:36.442] [INFO] [/auth/login] Login successful for user: Johnell Empuerto (ID: 1)
[2026-01-08 16:11:33.514] [ERROR] [/auth/forgot-password] Password reset request failed
[2026-01-08 16:11:33.518] [ERROR] [/auth/forgot-password] Error Response: POST /Backend/api/forgot-password/request-reset
[2026-01-08 16:13:59.213] [INFO] [/auth/login] Login successful for user: Johnell Empuerto (ID: 1)
[2026-01-08 16:15:30.004] [INFO] [/auth/forgot-password] Password reset requested for empId: EMP001
[2026-01-08 16:15:33.469] [INFO] [/auth/forgot-password] Verification code sent to jeempuerto@n-pax.com for empId: EMP001
[2026-01-08 16:19:51.641] [INFO] [/auth/login] Login successful for user: Johnell Empuerto (ID: 1)
[2026-01-08 16:20:07.004] [WARN] [/auth/login] Password comparison failed for emp_id: ADMIN001
[2026-01-08 16:20:12.938] [INFO] [/auth/login] Login successful for user: System Administrator (ID: 6)
[2026-01-08 16:22:06.582] [WARN] [/users/create] User creation failed: Employee ID or Email already exists
[2026-01-08 16:22:06.583] [ERROR] [/users/create] Error Response: POST /Backend/api/addtousermaster
[2026-01-08 16:22:06.585] [ERROR] [/users/create] Error Response: POST /Backend/api/addtousermaster
[2026-01-08 16:22:28.286] [INFO] [/users/create] New user created: Nielbert Pusayan (ID: 7) by admin: System Administrator
[2026-01-08 16:25:35.261] [INFO] [/auth/login] Login successful for user: Nielbert Pusayan (ID: 7)
[2026-01-08 16:28:18.754] [WARN] [/auth/login] Password comparison failed for emp_id: ADMIN001
[2026-01-08 16:28:30.400] [INFO] [/auth/login] Login successful for user: System Administrator (ID: 6)
[2026-01-08 16:28:58.445] [INFO] [/users/manage] User updated: Nielbert Pusayan (ID: 7) by admin: System Administrator
[2026-01-08 16:35:40.948] [INFO] [/users/get-all] Successfully served 4 users in 10ms
[2026-01-08 16:35:40.966] [INFO] [/users/get-all] Successfully served 4 users in 8ms
[2026-01-08 16:40:48.950] [INFO] [/user-permissions] Returned 11 permissions for user: 1
[2026-01-08 16:41:15.272] [INFO] [/user-permissions] Permissions updated for user: 1
[2026-01-08 16:41:15.300] [INFO] [/user-permissions] Returned 11 permissions for user: 1
[2026-01-08 16:41:45.724] [INFO] [/auth/login] Login successful for user: Johnell Empuerto (ID: 1)
[2026-01-08 16:41:46.571] [INFO] [/user-permissions] Returned 2 custom tabs for user: 1
[2026-01-08 16:41:46.615] [INFO] [/user-permissions] Returned 2 custom tabs for user: 1
[2026-01-08 16:42:00.649] [WARN] [/auth/login] Password comparison failed for emp_id: ADMIN001
[2026-01-08 16:42:10.546] [INFO] [/auth/login] Login successful for user: System Administrator (ID: 6)
[2026-01-08 16:42:11.824] [INFO] [/user-permissions] Returned 11 default tabs for user: 6
[2026-01-08 16:42:11.934] [INFO] [/user-permissions] Returned 11 default tabs for user: 6
[2026-01-08 16:42:22.308] [INFO] [/user-permissions] Returned 11 default tabs for user: 6
[2026-01-08 16:42:22.329] [INFO] [/user-permissions] Returned 11 default tabs for user: 6
[2026-01-08 16:42:22.347] [INFO] [/users/get-all] Successfully served 4 users in 12ms
[2026-01-08 16:42:22.369] [INFO] [/users/get-all] Successfully served 4 users in 8ms
[2026-01-08 16:42:23.556] [INFO] [/user-permissions] Returned 11 permissions for user: 1
[2026-01-08 16:42:33.407] [INFO] [/user-permissions] Permissions updated for user: 1
[2026-01-08 16:42:33.443] [INFO] [/user-permissions] Returned 11 permissions for user: 1
[2026-01-08 16:44:57.961] [INFO] [/settings/smtp] SMTP settings retrieved successfully
[2026-01-08 16:44:57.976] [INFO] [/settings/smtp] SMTP settings retrieved successfully
[2026-01-08 16:47:38.621] [INFO] [/settings/test-smtp] SMTP test completed successfully
[2026-01-08 16:48:22.867] [ERROR] [/settings/test-smtp] SMTP connection verification failed
[2026-01-08 16:48:22.868] [ERROR] [/settings/test-smtp] SMTP test failed
[2026-01-08 16:48:22.871] [ERROR] [/settings/test-smtp] Error Response: POST /Backend/api/test-smtp
[2026-01-08 16:48:22.872] [ERROR] [/settings/test-smtp] Error Response: POST /Backend/api/test-smtp
[2026-01-08 16:54:02.193] [INFO] [/user-permissions] Returned 11 default tabs for user: 6
[2026-01-08 16:54:02.223] [INFO] [/user-permissions] Returned 11 default tabs for user: 6
[2026-01-08 16:54:02.285] [INFO] [/production/plans] Returned 2 production plans to user: System Administrator
[2026-01-08 16:54:02.299] [INFO] [/production/plans] Returned 2 production plans to user: System Administrator
[2026-01-08 16:54:02.336] [INFO] [/users/get-all] Successfully served 4 users in 60ms
[2026-01-08 16:54:02.347] [INFO] [/users/get-all] Successfully served 4 users in 4ms
[2026-01-08 16:54:35.533] [INFO] [/production/plans] New production plan created
[2026-01-08 16:54:35.559] [INFO] [/production/plans] Returned 3 production plans to user: System Administrator
[2026-01-08 17:01:12.201] [INFO] [/users/get-all] Successfully served 4 users in 120ms
[2026-01-08 17:01:12.222] [INFO] [/users/get-all] Successfully served 4 users in 9ms
[2026-01-08 17:01:12.306] [INFO] [/user-permissions] Returned 11 default tabs for user: 6
[2026-01-08 17:01:20.276] [INFO] [/user-permissions] Returned 11 permissions for user: 1
[2026-01-08 17:30:30.825] [INFO] [/users/get-all] Successfully served 4 users in 153ms
[2026-01-08 17:30:30.849] [INFO] [/user-groups] Returned 0 groups
[2026-01-08 17:31:20.488] [INFO] [/user-groups] Group created: Production (ID: 1)
[2026-01-08 17:31:20.512] [INFO] [/user-groups] Returned 1 groups
[2026-01-08 17:31:22.887] [INFO] [/user-groups] Returned 0 members for group 1
[2026-01-08 17:31:51.331] [INFO] [/user-groups] Returned 1 members for group 1
[2026-01-08 17:32:04.901] [INFO] [/user-groups] Returned 1 members for group 1
[2026-01-08 17:32:11.830] [INFO] [/user-groups] Returned 1 members for group 1
[2026-01-08 17:32:30.042] [INFO] [/user-groups] Returned 1 members for group 1
[2026-01-08 17:33:28.309] [INFO] [/user-groups] Returned 0 members for group 1
[2026-01-08 17:40:49.330] [INFO] [/user-groups] Returned 1 members for group 1
[2026-01-08 17:40:55.969] [INFO] [/user-groups] Returned 1 members for group 1
[2026-01-08 17:41:02.690] [INFO] [/user-groups] Returned 0 members for group 1
[2026-01-08 17:41:09.079] [INFO] [/user-groups] Returned 0 members for group 1
[2026-01-08 17:41:12.977] [INFO] [/user-groups] Returned 0 members for group 1
[2026-01-08 17:41:14.005] [INFO] [/user-groups] Returned 0 members for group 1
[2026-01-08 17:41:29.000] [INFO] [/user-groups] Returned 0 members for group 1
[2026-01-08 17:52:26.791] [INFO] [/user-groups] Returned 1 members for group 1
[2026-01-08 17:52:32.047] [INFO] [/user-groups] Returned 0 members for group 1
[2026-01-08 17:53:47.851] [INFO] [/user-permissions] Returned 11 permissions for user: 1
[2026-01-08 17:53:50.295] [INFO] [/user-permissions] Returned 11 permissions for user: 1
[2026-01-08 17:54:20.349] [INFO] [/user-groups] Returned 0 members for group 1
[2026-01-08 17:54:53.414] [INFO] [/user-groups] Returned 0 members for group 1
[2026-01-08 17:55:13.185] [INFO] [/user-groups] Returned 0 members for group 1
[2026-01-08 17:55:18.743] [INFO] [/user-groups] Returned 1 members for group 1
[2026-01-08 17:55:21.375] [INFO] [/user-groups] Returned 1 members for group 1
[2026-01-08 17:55:26.019] [INFO] [/user-groups] Returned 0 members for group 1
[2026-01-08 17:55:32.956] [INFO] [/user-groups] Returned 0 members for group 1
[2026-01-08 17:56:26.445] [INFO] [/user-permissions] Returned 11 permissions for user: 1
[2026-01-08 17:56:30.809] [INFO] [/users/manage] User updated: Johnell Empuerto (ID: 1) by admin: System Administrator
[2026-01-08 17:56:30.833] [INFO] [/users/get-all] Successfully served 4 users in 5ms
[2026-01-08 17:57:13.327] [INFO] [/user-groups] Returned 0 members for group 1
[2026-01-08 17:57:30.570] [INFO] [/user-groups] Returned 0 members for group 1
[2026-01-09 07:52:09.417] [ERROR] [/auth/login] Login error occurred
[2026-01-09 07:52:09.419] [ERROR] [/auth/login] Error Response: POST /Backend/api/login
[2026-01-09 07:52:09.420] [ERROR] [/auth/login] Error Response: POST /Backend/api/login
[2026-01-09 07:53:40.561] [ERROR] [/auth/login] Login error occurred
[2026-01-09 07:53:40.562] [ERROR] [/auth/login] Error Response: POST /Backend/api/login
[2026-01-09 07:53:40.562] [ERROR] [/auth/login] Error Response: POST /Backend/api/login
[2026-01-09 07:54:52.669] [ERROR] [/auth/login] Login error occurred
[2026-01-09 07:54:52.671] [ERROR] [/auth/login] Error Response: POST /Backend/api/login
[2026-01-09 07:54:52.672] [ERROR] [/auth/login] Error Response: POST /Backend/api/login
[2026-01-09 07:55:06.521] [ERROR] [/auth/login] Login error occurred
[2026-01-09 07:55:06.522] [ERROR] [/auth/login] Error Response: POST /Backend/api/login
[2026-01-09 07:55:06.523] [ERROR] [/auth/login] Error Response: POST /Backend/api/login
