[2026-01-08 17:30:30.849] [INFO] Returned 0 groups
[2026-01-08 17:31:20.488] [INFO] Group created: Production (ID: 1)
[2026-01-08 17:31:20.512] [INFO] Returned 1 groups
[2026-01-08 17:31:22.887] [INFO] Returned 0 members for group 1
[2026-01-08 17:31:51.331] [INFO] Returned 1 members for group 1
[2026-01-08 17:32:04.901] [INFO] Returned 1 members for group 1
[2026-01-08 17:32:11.830] [INFO] Returned 1 members for group 1
[2026-01-08 17:32:30.042] [INFO] Returned 1 members for group 1
[2026-01-08 17:33:28.309] [INFO] Returned 0 members for group 1
[2026-01-08 17:40:49.330] [INFO] Returned 1 members for group 1
[2026-01-08 17:40:55.969] [INFO] Returned 1 members for group 1
[2026-01-08 17:41:02.690] [INFO] Returned 0 members for group 1
[2026-01-08 17:41:09.079] [INFO] Returned 0 members for group 1
[2026-01-08 17:41:12.977] [INFO] Returned 0 members for group 1
[2026-01-08 17:41:14.005] [INFO] Returned 0 members for group 1
[2026-01-08 17:41:29.000] [INFO] Returned 0 members for group 1
[2026-01-08 17:52:26.791] [INFO] Returned 1 members for group 1
[2026-01-08 17:52:32.047] [INFO] Returned 0 members for group 1
[2026-01-08 17:54:20.349] [INFO] Returned 0 members for group 1
[2026-01-08 17:54:53.414] [INFO] Returned 0 members for group 1
[2026-01-08 17:55:13.185] [INFO] Returned 0 members for group 1
[2026-01-08 17:55:18.743] [INFO] Returned 1 members for group 1
[2026-01-08 17:55:21.375] [INFO] Returned 1 members for group 1
[2026-01-08 17:55:26.019] [INFO] Returned 0 members for group 1
[2026-01-08 17:55:32.956] [INFO] Returned 0 members for group 1
[2026-01-08 17:57:13.327] [INFO] Returned 0 members for group 1
[2026-01-08 17:57:30.570] [INFO] Returned 0 members for group 1
[2026-01-09 08:07:48.923] [INFO] Returned 1 groups
[2026-01-09 08:07:48.949] [INFO] Returned 1 groups
[2026-01-09 08:07:58.574] [INFO] Returned 1 groups
[2026-01-09 08:07:58.588] [INFO] Returned 1 groups
[2026-01-09 08:08:18.507] [INFO] Returned 0 members for group 1
[2026-01-09 08:15:00.245] [INFO] Returned 0 members for group 1
[2026-01-09 08:15:13.228] [INFO] Returned 0 members for group 1
[2026-01-09 08:21:44.400] [INFO] Returned 1 groups
[2026-01-09 08:21:52.767] [INFO] Returned 1 groups
[2026-01-09 08:21:52.783] [INFO] Returned 1 groups
[2026-01-09 08:21:56.063] [INFO] Returned 1 groups
[2026-01-09 08:21:56.078] [INFO] Returned 1 groups
[2026-01-09 08:22:01.070] [INFO] Returned 1 groups
[2026-01-09 08:22:01.083] [INFO] Returned 1 groups
[2026-01-09 08:22:03.585] [INFO] Returned 0 members for group 1
[2026-01-09 08:22:09.616] [INFO] Returned 0 groups
[2026-01-09 08:32:20.262] [INFO] Returned 0 groups
[2026-01-09 08:32:20.288] [INFO] Returned 0 groups
[2026-01-09 08:33:44.250] [INFO] Returned 0 groups
[2026-01-09 08:33:44.267] [INFO] Returned 0 groups
[2026-01-09 10:57:29.583] [INFO] Returned 0 groups
[2026-01-09 10:57:29.596] [INFO] Returned 0 groups
[2026-01-09 10:58:42.726] [INFO] Returned 0 groups
[2026-01-09 10:58:42.737] [INFO] Returned 0 groups
[2026-01-09 11:05:58.832] [INFO] Returned 0 groups
[2026-01-09 11:05:58.843] [INFO] Returned 0 groups
[2026-01-09 11:06:32.390] [INFO] Returned 0 groups
[2026-01-09 11:06:32.402] [INFO] Returned 0 groups
[2026-01-09 11:11:39.148] [INFO] Returned 0 groups
[2026-01-09 11:11:39.161] [INFO] Returned 0 groups
[2026-01-09 11:13:13.535] [INFO] Returned 0 groups
[2026-01-09 11:13:13.550] [INFO] Returned 0 groups
[2026-01-09 11:15:11.520] [WARN] Group creation failed: Group name already exists
[2026-01-09 11:15:11.521] [ERROR] Error Response: POST /Backend/api/usergroups | {
  "service": "express-app",
  "route": "/user-groups",
  "statusCode": 400,
  "data": {
    "error": "Group name already exists"
  }
}
[2026-01-09 11:15:11.522] [ERROR] Error Response: POST /Backend/api/usergroups | {
  "service": "express-app",
  "route": "/user-groups",
  "statusCode": 400
}
[2026-01-09 11:24:06.577] [WARN] Group creation failed: Group name already exists
[2026-01-09 11:24:06.581] [ERROR] Error Response: POST /Backend/api/usergroups | {
  "service": "express-app",
  "route": "/user-groups",
  "statusCode": 400,
  "data": {
    "error": "Group name already exists"
  }
}
[2026-01-09 11:24:06.584] [ERROR] Error Response: POST /Backend/api/usergroups | {
  "service": "express-app",
  "route": "/user-groups",
  "statusCode": 400
}
[2026-01-09 11:24:10.027] [INFO] Returned 0 groups
[2026-01-09 11:24:10.042] [INFO] Returned 0 groups
[2026-01-09 11:24:19.026] [WARN] Group creation failed: Group name already exists
[2026-01-09 11:24:19.027] [ERROR] Error Response: POST /Backend/api/usergroups | {
  "service": "express-app",
  "route": "/user-groups",
  "statusCode": 400,
  "data": {
    "error": "Group name already exists"
  }
}
[2026-01-09 11:24:19.029] [ERROR] Error Response: POST /Backend/api/usergroups | {
  "service": "express-app",
  "route": "/user-groups",
  "statusCode": 400
}
[2026-01-09 11:25:25.136] [INFO] Group created: Production (ID: 2)
[2026-01-09 11:25:25.161] [INFO] Returned 1 groups
[2026-01-09 11:25:32.039] [INFO] Returned 1 groups
[2026-01-09 11:25:32.063] [INFO] Returned 1 groups
[2026-01-09 11:27:26.465] [INFO] Returned 1 groups
[2026-01-09 11:27:26.477] [INFO] Returned 1 groups
[2026-01-09 11:27:29.699] [INFO] Returned 0 members for group 2
[2026-01-09 11:27:36.656] [INFO] Deleting group memberships...
[2026-01-09 11:27:36.662] [INFO] Deleting group...
[2026-01-09 11:27:36.672] [INFO] Group permanently deleted: Production
[2026-01-09 11:27:36.751] [INFO] Returned 0 groups
[2026-01-09 11:27:43.623] [INFO] Group created: Production (ID: 3)
[2026-01-09 11:27:43.655] [INFO] Returned 1 groups
[2026-01-09 11:28:10.888] [INFO] Group created: Leader (ID: 4)
[2026-01-09 11:28:10.909] [INFO] Returned 2 groups
[2026-01-09 11:28:22.649] [INFO] Returned 2 groups
[2026-01-09 11:28:22.666] [INFO] Returned 2 groups
[2026-01-09 13:13:19.170] [INFO] Returned 2 groups
[2026-01-09 13:13:19.183] [INFO] Returned 2 groups
[2026-01-09 14:12:50.800] [INFO] Returned 2 groups
[2026-01-09 14:12:50.813] [INFO] Returned 2 groups
[2026-01-09 14:13:20.382] [INFO] Returned 2 groups
[2026-01-09 14:13:34.427] [INFO] Returned 2 groups
[2026-01-09 14:13:34.440] [INFO] Returned 2 groups
[2026-01-09 14:17:59.840] [INFO] Returned 2 groups
[2026-01-09 14:17:59.853] [INFO] Returned 2 groups
[2026-01-09 14:21:44.014] [INFO] Returned 2 groups
[2026-01-09 14:21:44.027] [INFO] Returned 2 groups
[2026-01-09 15:34:10.522] [INFO] Returned 2 groups
[2026-01-09 15:34:10.534] [INFO] Returned 2 groups
[2026-01-09 15:41:21.067] [INFO] Returned 2 groups
[2026-01-09 15:41:21.084] [INFO] Returned 2 groups
[2026-01-09 15:48:43.709] [INFO] Returned 2 groups
[2026-01-09 15:48:43.724] [INFO] Returned 2 groups
[2026-01-09 15:48:47.015] [INFO] Returned 0 members for group 3
[2026-01-09 15:48:49.628] [INFO] Returned 1 members for group 3
[2026-01-09 16:01:21.215] [INFO] Returned 2 groups
[2026-01-09 16:01:21.230] [INFO] Returned 2 groups
[2026-01-09 17:02:19.422] [INFO] Returned 2 groups
[2026-01-09 17:02:19.447] [INFO] Returned 2 groups
[2026-01-09 17:02:51.641] [INFO] Returned 2 groups
[2026-01-09 17:02:51.669] [INFO] Returned 2 groups
[2026-01-09 17:04:27.481] [INFO] Returned 2 groups
[2026-01-09 17:04:27.535] [INFO] Returned 2 groups
[2026-01-09 17:04:32.250] [INFO] Returned 0 members for group 4
[2026-01-09 17:04:34.704] [INFO] Returned 1 members for group 4
[2026-01-09 17:04:36.691] [INFO] Returned 1 members for group 3
[2026-01-09 17:04:40.412] [INFO] Returned 2 groups
[2026-01-09 17:04:40.440] [INFO] Returned 2 groups
[2026-01-09 17:22:50.422] [INFO] Returned 2 groups
[2026-01-09 17:22:50.440] [INFO] Returned 2 groups
[2026-01-09 17:22:55.047] [INFO] Returned 1 members for group 4
[2026-01-09 17:22:56.000] [INFO] Returned 1 members for group 3
[2026-01-09 17:24:03.386] [INFO] Returned 2 groups
[2026-01-09 17:24:03.401] [INFO] Returned 2 groups
[2026-01-09 17:43:20.179] [INFO] Returned 2 groups
[2026-01-09 17:43:20.203] [INFO] Returned 2 groups
[2026-01-09 17:48:42.735] [INFO] Returned 2 groups
[2026-01-09 17:48:42.753] [INFO] Returned 2 groups
[2026-01-09 17:48:47.479] [INFO] Returned 1 members for group 4
[2026-01-09 17:48:48.180] [INFO] Returned 1 members for group 3
[2026-01-09 17:48:48.952] [INFO] Returned 1 members for group 4
[2026-01-09 17:48:52.690] [INFO] Returned 1 members for group 3
[2026-01-09 17:48:53.066] [INFO] Returned 1 members for group 4
[2026-01-09 17:56:36.369] [INFO] Returned 2 groups
[2026-01-09 17:56:36.389] [INFO] Returned 2 groups
[2026-01-09 17:57:57.944] [INFO] Returned 2 groups
[2026-01-09 17:57:57.961] [INFO] Returned 2 groups
[2026-01-09 17:58:11.128] [INFO] Returned 1 members for group 4
[2026-01-09 17:58:15.931] [INFO] Returned 1 members for group 3
[2026-01-09 17:58:21.152] [INFO] Returned 1 members for group 4
[2026-01-09 17:58:21.711] [INFO] Returned 1 members for group 3
[2026-01-09 17:58:26.096] [INFO] Returned 1 members for group 4
[2026-01-09 17:58:26.652] [INFO] Returned 1 members for group 3
[2026-01-09 17:58:32.212] [INFO] Returned 0 members for group 3
[2026-01-12 08:24:44.223] [INFO] Returned 2 groups
[2026-01-12 08:24:44.237] [INFO] Returned 2 groups
[2026-01-12 08:27:12.418] [INFO] Returned 2 groups
[2026-01-12 08:27:12.431] [INFO] Returned 2 groups
[2026-01-12 08:31:49.891] [INFO] Returned 2 groups
[2026-01-12 08:31:49.905] [INFO] Returned 2 groups
[2026-01-12 08:35:20.081] [INFO] Returned 1 members for group 4
[2026-01-12 08:35:26.570] [INFO] Returned 0 members for group 3
[2026-01-12 08:36:06.633] [INFO] Returned 1 members for group 4
[2026-01-12 08:53:51.559] [INFO] Returned 1 members for group 4
[2026-01-12 08:53:55.273] [INFO] Returned 0 members for group 3
[2026-01-12 08:54:09.359] [INFO] Returned 1 members for group 4
[2026-01-12 09:06:00.494] [INFO] Returned 1 members for group 4
[2026-01-12 09:06:06.300] [INFO] Returned 0 members for group 3
[2026-01-12 09:07:56.000] [INFO] Returned 1 members for group 4
[2026-01-12 09:10:28.275] [INFO] Returned 0 members for group 3
[2026-01-12 09:12:55.655] [INFO] Returned 2 groups
[2026-01-12 09:12:55.684] [INFO] Returned 2 groups
[2026-01-12 09:14:15.696] [INFO] Returned 2 groups
[2026-01-12 09:14:15.730] [INFO] Returned 2 groups
[2026-01-12 10:26:46.422] [INFO] Returned 2 groups
[2026-01-12 10:26:46.432] [INFO] Returned 2 groups
[2026-01-12 10:27:02.755] [INFO] Returned 2 groups
[2026-01-12 10:27:02.766] [INFO] Returned 2 groups
[2026-01-12 10:29:21.755] [INFO] Returned 2 groups
[2026-01-12 10:29:21.774] [INFO] Returned 2 groups
[2026-01-12 10:33:22.614] [INFO] Returned 2 groups
[2026-01-12 10:33:50.944] [INFO] Returned 2 groups
[2026-01-12 10:33:50.967] [INFO] Returned 2 groups
[2026-01-12 10:34:12.140] [INFO] Returned 2 groups
[2026-01-12 10:34:12.151] [INFO] Returned 2 groups
[2026-01-12 11:11:52.818] [INFO] Returned 2 groups
[2026-01-12 11:11:52.829] [INFO] Returned 2 groups
[2026-01-12 11:26:37.705] [INFO] Returned 2 groups
[2026-01-12 11:26:37.718] [INFO] Returned 2 groups
[2026-01-12 11:28:11.066] [INFO] Returned 2 groups
[2026-01-12 11:28:11.078] [INFO] Returned 2 groups
[2026-01-12 11:35:08.751] [INFO] Returned 2 groups
[2026-01-12 11:35:08.773] [INFO] Returned 2 groups
[2026-01-12 11:35:11.239] [INFO] Returned 0 members for group 3
[2026-01-12 11:35:15.107] [ERROR] Error Response: POST /Backend/api/usergroups/3/users/1 | {
  "service": "express-app",
  "route": "/user-groups",
  "statusCode": 403,
  "data": {
    "success": false,
    "message": "Admin access only",
    "debug": {
      "user_id": 1,
      "emp_id": "EMP001",
      "name": "Johnell Empuerto",
      "is_admin_value": false,
      "is_admin_type": "boolean",
      "comparisons": {
        "strictTrue": false,
        "looseTrue": false,
        "strictFalse": true,
        "looseFalse": true,
        "stringTrue": false,
        "stringFalse": false,
        "numberOne": false,
        "numberZero": false,
        "booleanTrue": false,
        "booleanFalse": true
      },
      "isAdminUser_result": false
    }
  }
}
[2026-01-12 11:35:15.108] [ERROR] Error Response: POST /Backend/api/usergroups/3/users/1 | {
  "service": "express-app",
  "route": "/user-groups",
  "statusCode": 403
}
[2026-01-12 11:35:17.915] [ERROR] Error Response: POST /Backend/api/usergroups/3/users/1 | {
  "service": "express-app",
  "route": "/user-groups",
  "statusCode": 403,
  "data": {
    "success": false,
    "message": "Admin access only",
    "debug": {
      "user_id": 1,
      "emp_id": "EMP001",
      "name": "Johnell Empuerto",
      "is_admin_value": false,
      "is_admin_type": "boolean",
      "comparisons": {
        "strictTrue": false,
        "looseTrue": false,
        "strictFalse": true,
        "looseFalse": true,
        "stringTrue": false,
        "stringFalse": false,
        "numberOne": false,
        "numberZero": false,
        "booleanTrue": false,
        "booleanFalse": true
      },
      "isAdminUser_result": false
    }
  }
}
[2026-01-12 11:35:17.916] [ERROR] Error Response: POST /Backend/api/usergroups/3/users/1 | {
  "service": "express-app",
  "route": "/user-groups",
  "statusCode": 403
}
[2026-01-12 11:35:39.565] [INFO] Returned 2 groups
[2026-01-12 11:35:39.584] [INFO] Returned 2 groups
[2026-01-12 11:35:42.352] [INFO] Returned 0 members for group 3
[2026-01-12 11:35:44.505] [INFO] Returned 1 members for group 3
[2026-01-12 11:39:18.293] [INFO] Returned 2 groups
[2026-01-12 11:39:18.305] [INFO] Returned 2 groups
[2026-01-12 11:51:58.768] [INFO] Returned 2 groups
[2026-01-12 11:51:58.779] [INFO] Returned 2 groups
[2026-01-12 11:53:02.664] [INFO] Returned 2 groups
[2026-01-12 11:53:02.677] [INFO] Returned 2 groups
[2026-01-12 12:14:44.221] [INFO] Returned 2 groups
[2026-01-12 12:14:44.237] [INFO] Returned 2 groups
[2026-01-12 12:15:28.242] [INFO] Returned 2 groups
[2026-01-12 12:15:28.254] [INFO] Returned 2 groups
[2026-01-12 12:15:36.249] [INFO] Returned 2 groups
[2026-01-12 12:15:36.258] [INFO] Returned 2 groups
[2026-01-12 12:31:35.635] [INFO] Returned 2 groups
[2026-01-12 12:31:35.650] [INFO] Returned 2 groups
[2026-01-12 12:34:36.872] [INFO] Returned 2 groups
[2026-01-12 12:34:36.886] [INFO] Returned 2 groups
[2026-01-12 12:35:47.091] [INFO] Returned 2 groups
[2026-01-12 12:35:47.106] [INFO] Returned 2 groups
[2026-01-12 13:12:01.446] [INFO] Returned 2 groups
[2026-01-12 13:12:01.461] [INFO] Returned 2 groups
[2026-01-12 13:17:20.309] [INFO] Returned 2 groups
[2026-01-12 13:17:20.326] [INFO] Returned 2 groups
[2026-01-12 13:28:38.235] [INFO] Returned 2 groups
[2026-01-12 13:28:38.253] [INFO] Returned 2 groups
[2026-01-12 13:29:01.058] [INFO] Returned 2 groups
[2026-01-12 13:29:01.071] [INFO] Returned 2 groups
[2026-01-12 13:47:05.522] [INFO] Returned 2 groups
[2026-01-12 13:47:05.534] [INFO] Returned 2 groups
[2026-01-12 13:48:07.949] [INFO] Returned 2 groups
[2026-01-12 13:48:07.965] [INFO] Returned 2 groups
[2026-01-12 13:48:44.751] [INFO] Returned 2 groups
[2026-01-12 13:48:44.768] [INFO] Returned 2 groups
[2026-01-12 15:34:20.284] [INFO] Returned 2 groups
[2026-01-12 15:34:20.295] [INFO] Returned 2 groups
[2026-01-12 15:34:38.043] [INFO] Returned 2 groups
[2026-01-12 15:34:38.054] [INFO] Returned 2 groups
[2026-01-12 17:34:31.724] [INFO] Returned 2 groups
[2026-01-12 17:34:31.753] [INFO] Returned 2 groups
[2026-01-12 17:35:36.264] [INFO] Returned 2 groups
[2026-01-12 17:35:36.280] [INFO] Returned 2 groups
[2026-01-12 17:44:34.279] [INFO] Returned 2 groups
[2026-01-12 17:44:34.299] [INFO] Returned 2 groups
[2026-01-12 17:47:14.726] [INFO] Returned 2 groups
[2026-01-13 07:50:03.804] [INFO] Returned 2 groups
[2026-01-13 07:50:03.832] [INFO] Returned 2 groups
[2026-01-13 07:50:34.596] [INFO] Returned 1 members for group 4
[2026-01-13 07:50:36.673] [INFO] Returned 1 members for group 3
[2026-01-13 09:24:24.350] [INFO] Returned 2 groups
[2026-01-13 09:24:24.364] [INFO] Returned 2 groups
